16-Mar-2021 20:47:47.421 정보 [main] org.apache.catalina.startup.VersionLoggerListener.log 서버 버전 이름:    Apache Tomcat/8.5.64
16-Mar-2021 20:47:47.426 정보 [main] org.apache.catalina.startup.VersionLoggerListener.log Server 빌드 시각:  Mar 4 2021 23:14:16 UTC
16-Mar-2021 20:47:47.427 정보 [main] org.apache.catalina.startup.VersionLoggerListener.log Server 버전 번호:  8.5.64.0
16-Mar-2021 20:47:47.427 정보 [main] org.apache.catalina.startup.VersionLoggerListener.log 운영체제 이름:     Windows 10
16-Mar-2021 20:47:47.427 정보 [main] org.apache.catalina.startup.VersionLoggerListener.log 운영체제 버전:     10.0
16-Mar-2021 20:47:47.427 정보 [main] org.apache.catalina.startup.VersionLoggerListener.log 아키텍처:          amd64
16-Mar-2021 20:47:47.427 정보 [main] org.apache.catalina.startup.VersionLoggerListener.log 자바 홈:           C:\Program Files\ojdkbuild\java-1.8.0-openjdk-1.8.0.282-1\jre
16-Mar-2021 20:47:47.428 정보 [main] org.apache.catalina.startup.VersionLoggerListener.log JVM 버전:          1.8.0_282-b08
16-Mar-2021 20:47:47.428 정보 [main] org.apache.catalina.startup.VersionLoggerListener.log JVM 벤더:          ojdkbuild
16-Mar-2021 20:47:47.428 정보 [main] org.apache.catalina.startup.VersionLoggerListener.log CATALINA_BASE:     C:\jspNotice\apache-tomcat-8.5.64
16-Mar-2021 20:47:47.428 정보 [main] org.apache.catalina.startup.VersionLoggerListener.log CATALINA_HOME:     C:\jspNotice\apache-tomcat-8.5.64
16-Mar-2021 20:47:47.429 정보 [main] org.apache.catalina.startup.VersionLoggerListener.log 명령 행 아규먼트:  -Djava.util.logging.config.file=C:\jspNotice\apache-tomcat-8.5.64\conf\logging.properties
16-Mar-2021 20:47:47.430 정보 [main] org.apache.catalina.startup.VersionLoggerListener.log 명령 행 아규먼트:  -Djava.util.logging.manager=org.apache.juli.ClassLoaderLogManager
16-Mar-2021 20:47:47.431 정보 [main] org.apache.catalina.startup.VersionLoggerListener.log 명령 행 아규먼트:  -Djdk.tls.ephemeralDHKeySize=2048
16-Mar-2021 20:47:47.432 정보 [main] org.apache.catalina.startup.VersionLoggerListener.log 명령 행 아규먼트:  -Djava.protocol.handler.pkgs=org.apache.catalina.webresources
16-Mar-2021 20:47:47.433 정보 [main] org.apache.catalina.startup.VersionLoggerListener.log 명령 행 아규먼트:  -Dignore.endorsed.dirs=
16-Mar-2021 20:47:47.434 정보 [main] org.apache.catalina.startup.VersionLoggerListener.log 명령 행 아규먼트:  -Dcatalina.base=C:\jspNotice\apache-tomcat-8.5.64
16-Mar-2021 20:47:47.435 정보 [main] org.apache.catalina.startup.VersionLoggerListener.log 명령 행 아규먼트:  -Dcatalina.home=C:\jspNotice\apache-tomcat-8.5.64
16-Mar-2021 20:47:47.435 정보 [main] org.apache.catalina.startup.VersionLoggerListener.log 명령 행 아규먼트:  -Djava.io.tmpdir=C:\jspNotice\apache-tomcat-8.5.64\temp
16-Mar-2021 20:47:47.436 정보 [main] org.apache.catalina.core.AprLifecycleListener.lifecycleEvent APR 버전 [1.7.0]을(를) 사용한, APR 기반 Apache Tomcat Native 라이브러리 [1.2.26]을(를) 로드했습니다.
16-Mar-2021 20:47:47.437 정보 [main] org.apache.catalina.core.AprLifecycleListener.lifecycleEvent APR 용량정보들: IPv6 [true], sendfile [true], accept filters [false], random [true].
16-Mar-2021 20:47:47.439 정보 [main] org.apache.catalina.core.AprLifecycleListener.lifecycleEvent APR/OpenSSL 설정: useAprConnector [false], useOpenSSL [true]
16-Mar-2021 20:47:47.446 정보 [main] org.apache.catalina.core.AprLifecycleListener.initializeSSL OpenSSL이 성공적으로 초기화되었습니다: [OpenSSL 1.1.1i  8 Dec 2020]
16-Mar-2021 20:47:47.529 정보 [main] org.apache.coyote.AbstractProtocol.init 프로토콜 핸들러 ["http-nio-8080"]을(를) 초기화합니다.
16-Mar-2021 20:47:47.541 심각 [main] org.apache.catalina.core.StandardService.initInternal Failed to initialize connector [Connector[HTTP/1.1-8080]]
	org.apache.catalina.LifecycleException: 프로토콜 핸들러 초기화가 실패했습니다.
		at org.apache.catalina.connector.Connector.initInternal(Connector.java:1077)
		at org.apache.catalina.util.LifecycleBase.init(LifecycleBase.java:136)
		at org.apache.catalina.core.StandardService.initInternal(StandardService.java:552)
		at org.apache.catalina.util.LifecycleBase.init(LifecycleBase.java:136)
		at org.apache.catalina.core.StandardServer.initInternal(StandardServer.java:846)
		at org.apache.catalina.util.LifecycleBase.init(LifecycleBase.java:136)
		at org.apache.catalina.startup.Catalina.load(Catalina.java:639)
		at org.apache.catalina.startup.Catalina.load(Catalina.java:662)
		at sun.reflect.NativeMethodAccessorImpl.invoke0(Native Method)
		at sun.reflect.NativeMethodAccessorImpl.invoke(NativeMethodAccessorImpl.java:62)
		at sun.reflect.DelegatingMethodAccessorImpl.invoke(DelegatingMethodAccessorImpl.java:43)
		at java.lang.reflect.Method.invoke(Method.java:498)
		at org.apache.catalina.startup.Bootstrap.load(Bootstrap.java:302)
		at org.apache.catalina.startup.Bootstrap.main(Bootstrap.java:472)
	Caused by: java.net.BindException: Address already in use: bind
		at sun.nio.ch.Net.bind0(Native Method)
		at sun.nio.ch.Net.bind(Net.java:461)
		at sun.nio.ch.Net.bind(Net.java:453)
		at sun.nio.ch.ServerSocketChannelImpl.bind(ServerSocketChannelImpl.java:222)
		at sun.nio.ch.ServerSocketAdaptor.bind(ServerSocketAdaptor.java:85)
		at org.apache.tomcat.util.net.NioEndpoint.bind(NioEndpoint.java:222)
		at org.apache.tomcat.util.net.AbstractEndpoint.init(AbstractEndpoint.java:1143)
		at org.apache.tomcat.util.net.AbstractJsseEndpoint.init(AbstractJsseEndpoint.java:222)
		at org.apache.coyote.AbstractProtocol.init(AbstractProtocol.java:599)
		at org.apache.coyote.http11.AbstractHttp11Protocol.init(AbstractHttp11Protocol.java:80)
		at org.apache.catalina.connector.Connector.initInternal(Connector.java:1075)
		... 13 more
16-Mar-2021 20:47:47.544 정보 [main] org.apache.catalina.startup.Catalina.load Initialization processed in 442 ms
16-Mar-2021 20:47:47.569 정보 [main] org.apache.catalina.core.StandardService.startInternal 서비스 [Catalina]을(를) 시작합니다.
16-Mar-2021 20:47:47.570 정보 [main] org.apache.catalina.core.StandardEngine.startInternal Starting Servlet Engine: Apache Tomcat/8.5.64
16-Mar-2021 20:47:47.580 정보 [localhost-startStop-1] org.apache.catalina.startup.HostConfig.deployDirectory 웹 애플리케이션 디렉토리 [C:\jspNotice\apache-tomcat-8.5.64\webapps\docs]을(를) 배치합니다.
16-Mar-2021 20:47:47.886 정보 [localhost-startStop-1] org.apache.catalina.startup.HostConfig.deployDirectory 웹 애플리케이션 디렉토리 [C:\jspNotice\apache-tomcat-8.5.64\webapps\docs]에 대한 배치가 [305] 밀리초에 완료되었습니다.
16-Mar-2021 20:47:47.889 정보 [localhost-startStop-1] org.apache.catalina.startup.HostConfig.deployDirectory 웹 애플리케이션 디렉토리 [C:\jspNotice\apache-tomcat-8.5.64\webapps\examples]을(를) 배치합니다.
16-Mar-2021 20:47:48.416 정보 [localhost-startStop-1] org.apache.catalina.startup.HostConfig.deployDirectory 웹 애플리케이션 디렉토리 [C:\jspNotice\apache-tomcat-8.5.64\webapps\examples]에 대한 배치가 [527] 밀리초에 완료되었습니다.
16-Mar-2021 20:47:48.418 정보 [localhost-startStop-1] org.apache.catalina.startup.HostConfig.deployDirectory 웹 애플리케이션 디렉토리 [C:\jspNotice\apache-tomcat-8.5.64\webapps\host-manager]을(를) 배치합니다.
16-Mar-2021 20:47:48.450 정보 [localhost-startStop-1] org.apache.catalina.startup.HostConfig.deployDirectory 웹 애플리케이션 디렉토리 [C:\jspNotice\apache-tomcat-8.5.64\webapps\host-manager]에 대한 배치가 [32] 밀리초에 완료되었습니다.
16-Mar-2021 20:47:48.452 정보 [localhost-startStop-1] org.apache.catalina.startup.HostConfig.deployDirectory 웹 애플리케이션 디렉토리 [C:\jspNotice\apache-tomcat-8.5.64\webapps\manager]을(를) 배치합니다.
16-Mar-2021 20:47:48.482 정보 [localhost-startStop-1] org.apache.catalina.startup.HostConfig.deployDirectory 웹 애플리케이션 디렉토리 [C:\jspNotice\apache-tomcat-8.5.64\webapps\manager]에 대한 배치가 [30] 밀리초에 완료되었습니다.
16-Mar-2021 20:47:48.484 정보 [localhost-startStop-1] org.apache.catalina.startup.HostConfig.deployDirectory 웹 애플리케이션 디렉토리 [C:\jspNotice\apache-tomcat-8.5.64\webapps\ROOT]을(를) 배치합니다.
16-Mar-2021 20:47:48.507 정보 [localhost-startStop-1] org.apache.catalina.startup.HostConfig.deployDirectory 웹 애플리케이션 디렉토리 [C:\jspNotice\apache-tomcat-8.5.64\webapps\ROOT]에 대한 배치가 [23] 밀리초에 완료되었습니다.
16-Mar-2021 20:47:48.510 정보 [main] org.apache.catalina.startup.Catalina.start Server startup in 965 ms
