21-Mar-2021 10:15:20.644 정보 [main] org.apache.catalina.startup.VersionLoggerListener.log 서버 버전 이름:    Apache Tomcat/8.5.64
21-Mar-2021 10:15:20.651 정보 [main] org.apache.catalina.startup.VersionLoggerListener.log Server 빌드 시각:  Mar 4 2021 23:14:16 UTC
21-Mar-2021 10:15:20.651 정보 [main] org.apache.catalina.startup.VersionLoggerListener.log Server 버전 번호:  8.5.64.0
21-Mar-2021 10:15:20.651 정보 [main] org.apache.catalina.startup.VersionLoggerListener.log 운영체제 이름:     Windows 10
21-Mar-2021 10:15:20.652 정보 [main] org.apache.catalina.startup.VersionLoggerListener.log 운영체제 버전:     10.0
21-Mar-2021 10:15:20.652 정보 [main] org.apache.catalina.startup.VersionLoggerListener.log 아키텍처:          amd64
21-Mar-2021 10:15:20.652 정보 [main] org.apache.catalina.startup.VersionLoggerListener.log 자바 홈:           C:\Program Files\ojdkbuild\java-1.8.0-openjdk-1.8.0.282-1\jre
21-Mar-2021 10:15:20.652 정보 [main] org.apache.catalina.startup.VersionLoggerListener.log JVM 버전:          1.8.0_282-b08
21-Mar-2021 10:15:20.652 정보 [main] org.apache.catalina.startup.VersionLoggerListener.log JVM 벤더:          ojdkbuild
21-Mar-2021 10:15:20.652 정보 [main] org.apache.catalina.startup.VersionLoggerListener.log CATALINA_BASE:     C:\jspNotice\apache-tomcat-8.5.64
21-Mar-2021 10:15:20.653 정보 [main] org.apache.catalina.startup.VersionLoggerListener.log CATALINA_HOME:     C:\jspNotice\apache-tomcat-8.5.64
21-Mar-2021 10:15:20.653 정보 [main] org.apache.catalina.startup.VersionLoggerListener.log 명령 행 아규먼트:  -Djava.util.logging.config.file=C:\jspNotice\apache-tomcat-8.5.64\conf\logging.properties
21-Mar-2021 10:15:20.654 정보 [main] org.apache.catalina.startup.VersionLoggerListener.log 명령 행 아규먼트:  -Djava.util.logging.manager=org.apache.juli.ClassLoaderLogManager
21-Mar-2021 10:15:20.655 정보 [main] org.apache.catalina.startup.VersionLoggerListener.log 명령 행 아규먼트:  -Djdk.tls.ephemeralDHKeySize=2048
21-Mar-2021 10:15:20.656 정보 [main] org.apache.catalina.startup.VersionLoggerListener.log 명령 행 아규먼트:  -Djava.protocol.handler.pkgs=org.apache.catalina.webresources
21-Mar-2021 10:15:20.657 정보 [main] org.apache.catalina.startup.VersionLoggerListener.log 명령 행 아규먼트:  -Dignore.endorsed.dirs=
21-Mar-2021 10:15:20.658 정보 [main] org.apache.catalina.startup.VersionLoggerListener.log 명령 행 아규먼트:  -Dcatalina.base=C:\jspNotice\apache-tomcat-8.5.64
21-Mar-2021 10:15:20.659 정보 [main] org.apache.catalina.startup.VersionLoggerListener.log 명령 행 아규먼트:  -Dcatalina.home=C:\jspNotice\apache-tomcat-8.5.64
21-Mar-2021 10:15:20.660 정보 [main] org.apache.catalina.startup.VersionLoggerListener.log 명령 행 아규먼트:  -Djava.io.tmpdir=C:\jspNotice\apache-tomcat-8.5.64\temp
21-Mar-2021 10:15:20.661 정보 [main] org.apache.catalina.core.AprLifecycleListener.lifecycleEvent APR 버전 [1.7.0]을(를) 사용한, APR 기반 Apache Tomcat Native 라이브러리 [1.2.26]을(를) 로드했습니다.
21-Mar-2021 10:15:20.663 정보 [main] org.apache.catalina.core.AprLifecycleListener.lifecycleEvent APR 용량정보들: IPv6 [true], sendfile [true], accept filters [false], random [true].
21-Mar-2021 10:15:20.666 정보 [main] org.apache.catalina.core.AprLifecycleListener.lifecycleEvent APR/OpenSSL 설정: useAprConnector [false], useOpenSSL [true]
21-Mar-2021 10:15:20.672 정보 [main] org.apache.catalina.core.AprLifecycleListener.initializeSSL OpenSSL이 성공적으로 초기화되었습니다: [OpenSSL 1.1.1i  8 Dec 2020]
21-Mar-2021 10:15:20.749 정보 [main] org.apache.coyote.AbstractProtocol.init 프로토콜 핸들러 ["http-nio-8080"]을(를) 초기화합니다.
21-Mar-2021 10:15:20.897 정보 [main] org.apache.tomcat.util.net.NioSelectorPool.getSharedSelector Using a shared selector for servlet write/read
21-Mar-2021 10:15:20.908 정보 [main] org.apache.catalina.startup.Catalina.load Initialization processed in 631 ms
21-Mar-2021 10:15:20.938 정보 [main] org.apache.catalina.core.StandardService.startInternal 서비스 [Catalina]을(를) 시작합니다.
21-Mar-2021 10:15:20.941 정보 [main] org.apache.catalina.core.StandardEngine.startInternal Starting Servlet Engine: Apache Tomcat/8.5.64
21-Mar-2021 10:15:20.951 정보 [localhost-startStop-1] org.apache.catalina.startup.HostConfig.deployDirectory 웹 애플리케이션 디렉토리 [C:\jspNotice\apache-tomcat-8.5.64\webapps\docs]을(를) 배치합니다.
21-Mar-2021 10:15:21.195 정보 [localhost-startStop-1] org.apache.catalina.startup.HostConfig.deployDirectory 웹 애플리케이션 디렉토리 [C:\jspNotice\apache-tomcat-8.5.64\webapps\docs]에 대한 배치가 [242] 밀리초에 완료되었습니다.
21-Mar-2021 10:15:21.199 정보 [localhost-startStop-1] org.apache.catalina.startup.HostConfig.deployDirectory 웹 애플리케이션 디렉토리 [C:\jspNotice\apache-tomcat-8.5.64\webapps\examples]을(를) 배치합니다.
21-Mar-2021 10:15:21.818 정보 [localhost-startStop-1] org.apache.catalina.startup.HostConfig.deployDirectory 웹 애플리케이션 디렉토리 [C:\jspNotice\apache-tomcat-8.5.64\webapps\examples]에 대한 배치가 [619] 밀리초에 완료되었습니다.
21-Mar-2021 10:15:21.821 정보 [localhost-startStop-1] org.apache.catalina.startup.HostConfig.deployDirectory 웹 애플리케이션 디렉토리 [C:\jspNotice\apache-tomcat-8.5.64\webapps\host-manager]을(를) 배치합니다.
21-Mar-2021 10:15:21.857 정보 [localhost-startStop-1] org.apache.catalina.startup.HostConfig.deployDirectory 웹 애플리케이션 디렉토리 [C:\jspNotice\apache-tomcat-8.5.64\webapps\host-manager]에 대한 배치가 [36] 밀리초에 완료되었습니다.
21-Mar-2021 10:15:21.860 정보 [localhost-startStop-1] org.apache.catalina.startup.HostConfig.deployDirectory 웹 애플리케이션 디렉토리 [C:\jspNotice\apache-tomcat-8.5.64\webapps\manager]을(를) 배치합니다.
21-Mar-2021 10:15:21.896 정보 [localhost-startStop-1] org.apache.catalina.startup.HostConfig.deployDirectory 웹 애플리케이션 디렉토리 [C:\jspNotice\apache-tomcat-8.5.64\webapps\manager]에 대한 배치가 [36] 밀리초에 완료되었습니다.
21-Mar-2021 10:15:21.899 정보 [localhost-startStop-1] org.apache.catalina.startup.HostConfig.deployDirectory 웹 애플리케이션 디렉토리 [C:\jspNotice\apache-tomcat-8.5.64\webapps\ROOT]을(를) 배치합니다.
21-Mar-2021 10:15:21.926 정보 [localhost-startStop-1] org.apache.catalina.startup.HostConfig.deployDirectory 웹 애플리케이션 디렉토리 [C:\jspNotice\apache-tomcat-8.5.64\webapps\ROOT]에 대한 배치가 [27] 밀리초에 완료되었습니다.
21-Mar-2021 10:15:21.931 정보 [main] org.apache.coyote.AbstractProtocol.start 프로토콜 핸들러 ["http-nio-8080"]을(를) 시작합니다.
21-Mar-2021 10:15:21.941 정보 [main] org.apache.catalina.startup.Catalina.start Server startup in 1032 ms
21-Mar-2021 10:15:21.947 심각 [main] org.apache.catalina.core.StandardServer.await StandardServer.await: create[localhost:8080]: 
	java.net.BindException: Address already in use: JVM_Bind
		at java.net.DualStackPlainSocketImpl.bind0(Native Method)
		at java.net.DualStackPlainSocketImpl.socketBind(DualStackPlainSocketImpl.java:106)
		at java.net.AbstractPlainSocketImpl.bind(AbstractPlainSocketImpl.java:387)
		at java.net.PlainSocketImpl.bind(PlainSocketImpl.java:190)
		at java.net.ServerSocket.bind(ServerSocket.java:390)
		at java.net.ServerSocket.<init>(ServerSocket.java:252)
		at org.apache.catalina.core.StandardServer.await(StandardServer.java:421)
		at org.apache.catalina.startup.Catalina.await(Catalina.java:776)
		at org.apache.catalina.startup.Catalina.start(Catalina.java:722)
		at sun.reflect.NativeMethodAccessorImpl.invoke0(Native Method)
		at sun.reflect.NativeMethodAccessorImpl.invoke(NativeMethodAccessorImpl.java:62)
		at sun.reflect.DelegatingMethodAccessorImpl.invoke(DelegatingMethodAccessorImpl.java:43)
		at java.lang.reflect.Method.invoke(Method.java:498)
		at org.apache.catalina.startup.Bootstrap.start(Bootstrap.java:342)
		at org.apache.catalina.startup.Bootstrap.main(Bootstrap.java:473)
21-Mar-2021 10:15:21.950 정보 [main] org.apache.coyote.AbstractProtocol.pause 프로토콜 핸들러 ["http-nio-8080"]을(를) 일시 정지 중
21-Mar-2021 10:15:22.019 정보 [main] org.apache.catalina.core.StandardService.stopInternal 서비스 [Catalina]을(를) 중지시킵니다.
21-Mar-2021 10:15:22.045 정보 [main] org.apache.coyote.AbstractProtocol.stop 프로토콜 핸들러 ["http-nio-8080"]을(를) 중지시킵니다.
21-Mar-2021 10:15:22.049 정보 [main] org.apache.coyote.AbstractProtocol.destroy 프로토콜 핸들러 ["http-nio-8080"]을(를) 소멸시킵니다.
21-Mar-2021 20:35:32.860 정보 [main] org.apache.catalina.startup.VersionLoggerListener.log 서버 버전 이름:    Apache Tomcat/8.5.64
21-Mar-2021 20:35:32.867 정보 [main] org.apache.catalina.startup.VersionLoggerListener.log Server 빌드 시각:  Mar 4 2021 23:14:16 UTC
21-Mar-2021 20:35:32.867 정보 [main] org.apache.catalina.startup.VersionLoggerListener.log Server 버전 번호:  8.5.64.0
21-Mar-2021 20:35:32.868 정보 [main] org.apache.catalina.startup.VersionLoggerListener.log 운영체제 이름:     Windows 10
21-Mar-2021 20:35:32.868 정보 [main] org.apache.catalina.startup.VersionLoggerListener.log 운영체제 버전:     10.0
21-Mar-2021 20:35:32.868 정보 [main] org.apache.catalina.startup.VersionLoggerListener.log 아키텍처:          amd64
21-Mar-2021 20:35:32.868 정보 [main] org.apache.catalina.startup.VersionLoggerListener.log 자바 홈:           C:\Program Files\ojdkbuild\java-1.8.0-openjdk-1.8.0.282-1\jre
21-Mar-2021 20:35:32.869 정보 [main] org.apache.catalina.startup.VersionLoggerListener.log JVM 버전:          1.8.0_282-b08
21-Mar-2021 20:35:32.869 정보 [main] org.apache.catalina.startup.VersionLoggerListener.log JVM 벤더:          ojdkbuild
21-Mar-2021 20:35:32.869 정보 [main] org.apache.catalina.startup.VersionLoggerListener.log CATALINA_BASE:     C:\jspNotice\apache-tomcat-8.5.64
21-Mar-2021 20:35:32.869 정보 [main] org.apache.catalina.startup.VersionLoggerListener.log CATALINA_HOME:     C:\jspNotice\apache-tomcat-8.5.64
21-Mar-2021 20:35:32.870 정보 [main] org.apache.catalina.startup.VersionLoggerListener.log 명령 행 아규먼트:  -Djava.util.logging.config.file=C:\jspNotice\apache-tomcat-8.5.64\conf\logging.properties
21-Mar-2021 20:35:32.871 정보 [main] org.apache.catalina.startup.VersionLoggerListener.log 명령 행 아규먼트:  -Djava.util.logging.manager=org.apache.juli.ClassLoaderLogManager
21-Mar-2021 20:35:32.872 정보 [main] org.apache.catalina.startup.VersionLoggerListener.log 명령 행 아규먼트:  -Djdk.tls.ephemeralDHKeySize=2048
21-Mar-2021 20:35:32.873 정보 [main] org.apache.catalina.startup.VersionLoggerListener.log 명령 행 아규먼트:  -Djava.protocol.handler.pkgs=org.apache.catalina.webresources
21-Mar-2021 20:35:32.874 정보 [main] org.apache.catalina.startup.VersionLoggerListener.log 명령 행 아규먼트:  -Dignore.endorsed.dirs=
21-Mar-2021 20:35:32.874 정보 [main] org.apache.catalina.startup.VersionLoggerListener.log 명령 행 아규먼트:  -Dcatalina.base=C:\jspNotice\apache-tomcat-8.5.64
21-Mar-2021 20:35:32.876 정보 [main] org.apache.catalina.startup.VersionLoggerListener.log 명령 행 아규먼트:  -Dcatalina.home=C:\jspNotice\apache-tomcat-8.5.64
21-Mar-2021 20:35:32.877 정보 [main] org.apache.catalina.startup.VersionLoggerListener.log 명령 행 아규먼트:  -Djava.io.tmpdir=C:\jspNotice\apache-tomcat-8.5.64\temp
21-Mar-2021 20:35:32.877 정보 [main] org.apache.catalina.core.AprLifecycleListener.lifecycleEvent APR 버전 [1.7.0]을(를) 사용한, APR 기반 Apache Tomcat Native 라이브러리 [1.2.26]을(를) 로드했습니다.
21-Mar-2021 20:35:32.879 정보 [main] org.apache.catalina.core.AprLifecycleListener.lifecycleEvent APR 용량정보들: IPv6 [true], sendfile [true], accept filters [false], random [true].
21-Mar-2021 20:35:32.880 정보 [main] org.apache.catalina.core.AprLifecycleListener.lifecycleEvent APR/OpenSSL 설정: useAprConnector [false], useOpenSSL [true]
21-Mar-2021 20:35:32.887 정보 [main] org.apache.catalina.core.AprLifecycleListener.initializeSSL OpenSSL이 성공적으로 초기화되었습니다: [OpenSSL 1.1.1i  8 Dec 2020]
21-Mar-2021 20:35:32.968 정보 [main] org.apache.coyote.AbstractProtocol.init 프로토콜 핸들러 ["http-nio-8080"]을(를) 초기화합니다.
21-Mar-2021 20:35:33.105 정보 [main] org.apache.tomcat.util.net.NioSelectorPool.getSharedSelector Using a shared selector for servlet write/read
21-Mar-2021 20:35:33.117 정보 [main] org.apache.catalina.startup.Catalina.load Initialization processed in 630 ms
21-Mar-2021 20:35:33.146 정보 [main] org.apache.catalina.core.StandardService.startInternal 서비스 [Catalina]을(를) 시작합니다.
21-Mar-2021 20:35:33.148 정보 [main] org.apache.catalina.core.StandardEngine.startInternal Starting Servlet Engine: Apache Tomcat/8.5.64
21-Mar-2021 20:35:33.158 정보 [localhost-startStop-1] org.apache.catalina.startup.HostConfig.deployDirectory 웹 애플리케이션 디렉토리 [C:\jspNotice\apache-tomcat-8.5.64\webapps\docs]을(를) 배치합니다.
21-Mar-2021 20:35:33.388 정보 [localhost-startStop-1] org.apache.catalina.startup.HostConfig.deployDirectory 웹 애플리케이션 디렉토리 [C:\jspNotice\apache-tomcat-8.5.64\webapps\docs]에 대한 배치가 [229] 밀리초에 완료되었습니다.
21-Mar-2021 20:35:33.392 정보 [localhost-startStop-1] org.apache.catalina.startup.HostConfig.deployDirectory 웹 애플리케이션 디렉토리 [C:\jspNotice\apache-tomcat-8.5.64\webapps\examples]을(를) 배치합니다.
21-Mar-2021 20:35:34.017 정보 [localhost-startStop-1] org.apache.catalina.startup.HostConfig.deployDirectory 웹 애플리케이션 디렉토리 [C:\jspNotice\apache-tomcat-8.5.64\webapps\examples]에 대한 배치가 [625] 밀리초에 완료되었습니다.
21-Mar-2021 20:35:34.020 정보 [localhost-startStop-1] org.apache.catalina.startup.HostConfig.deployDirectory 웹 애플리케이션 디렉토리 [C:\jspNotice\apache-tomcat-8.5.64\webapps\host-manager]을(를) 배치합니다.
21-Mar-2021 20:35:34.056 정보 [localhost-startStop-1] org.apache.catalina.startup.HostConfig.deployDirectory 웹 애플리케이션 디렉토리 [C:\jspNotice\apache-tomcat-8.5.64\webapps\host-manager]에 대한 배치가 [36] 밀리초에 완료되었습니다.
21-Mar-2021 20:35:34.059 정보 [localhost-startStop-1] org.apache.catalina.startup.HostConfig.deployDirectory 웹 애플리케이션 디렉토리 [C:\jspNotice\apache-tomcat-8.5.64\webapps\manager]을(를) 배치합니다.
21-Mar-2021 20:35:34.092 정보 [localhost-startStop-1] org.apache.catalina.startup.HostConfig.deployDirectory 웹 애플리케이션 디렉토리 [C:\jspNotice\apache-tomcat-8.5.64\webapps\manager]에 대한 배치가 [33] 밀리초에 완료되었습니다.
21-Mar-2021 20:35:34.096 정보 [localhost-startStop-1] org.apache.catalina.startup.HostConfig.deployDirectory 웹 애플리케이션 디렉토리 [C:\jspNotice\apache-tomcat-8.5.64\webapps\ROOT]을(를) 배치합니다.
21-Mar-2021 20:35:34.121 정보 [localhost-startStop-1] org.apache.catalina.startup.HostConfig.deployDirectory 웹 애플리케이션 디렉토리 [C:\jspNotice\apache-tomcat-8.5.64\webapps\ROOT]에 대한 배치가 [26] 밀리초에 완료되었습니다.
21-Mar-2021 20:35:34.124 정보 [main] org.apache.coyote.AbstractProtocol.start 프로토콜 핸들러 ["http-nio-8080"]을(를) 시작합니다.
21-Mar-2021 20:35:34.135 정보 [main] org.apache.catalina.startup.Catalina.start Server startup in 1016 ms
21-Mar-2021 20:35:34.140 심각 [main] org.apache.catalina.core.StandardServer.await StandardServer.await: create[localhost:8080]: 
	java.net.BindException: Address already in use: JVM_Bind
		at java.net.DualStackPlainSocketImpl.bind0(Native Method)
		at java.net.DualStackPlainSocketImpl.socketBind(DualStackPlainSocketImpl.java:106)
		at java.net.AbstractPlainSocketImpl.bind(AbstractPlainSocketImpl.java:387)
		at java.net.PlainSocketImpl.bind(PlainSocketImpl.java:190)
		at java.net.ServerSocket.bind(ServerSocket.java:390)
		at java.net.ServerSocket.<init>(ServerSocket.java:252)
		at org.apache.catalina.core.StandardServer.await(StandardServer.java:421)
		at org.apache.catalina.startup.Catalina.await(Catalina.java:776)
		at org.apache.catalina.startup.Catalina.start(Catalina.java:722)
		at sun.reflect.NativeMethodAccessorImpl.invoke0(Native Method)
		at sun.reflect.NativeMethodAccessorImpl.invoke(NativeMethodAccessorImpl.java:62)
		at sun.reflect.DelegatingMethodAccessorImpl.invoke(DelegatingMethodAccessorImpl.java:43)
		at java.lang.reflect.Method.invoke(Method.java:498)
		at org.apache.catalina.startup.Bootstrap.start(Bootstrap.java:342)
		at org.apache.catalina.startup.Bootstrap.main(Bootstrap.java:473)
21-Mar-2021 20:35:34.143 정보 [main] org.apache.coyote.AbstractProtocol.pause 프로토콜 핸들러 ["http-nio-8080"]을(를) 일시 정지 중
21-Mar-2021 20:35:34.215 정보 [main] org.apache.catalina.core.StandardService.stopInternal 서비스 [Catalina]을(를) 중지시킵니다.
21-Mar-2021 20:35:34.241 정보 [main] org.apache.coyote.AbstractProtocol.stop 프로토콜 핸들러 ["http-nio-8080"]을(를) 중지시킵니다.
21-Mar-2021 20:35:34.245 정보 [main] org.apache.coyote.AbstractProtocol.destroy 프로토콜 핸들러 ["http-nio-8080"]을(를) 소멸시킵니다.
21-Mar-2021 20:37:25.342 정보 [main] org.apache.catalina.startup.VersionLoggerListener.log 서버 버전 이름:    Apache Tomcat/8.5.64
21-Mar-2021 20:37:25.350 정보 [main] org.apache.catalina.startup.VersionLoggerListener.log Server 빌드 시각:  Mar 4 2021 23:14:16 UTC
21-Mar-2021 20:37:25.350 정보 [main] org.apache.catalina.startup.VersionLoggerListener.log Server 버전 번호:  8.5.64.0
21-Mar-2021 20:37:25.350 정보 [main] org.apache.catalina.startup.VersionLoggerListener.log 운영체제 이름:     Windows 10
21-Mar-2021 20:37:25.350 정보 [main] org.apache.catalina.startup.VersionLoggerListener.log 운영체제 버전:     10.0
21-Mar-2021 20:37:25.351 정보 [main] org.apache.catalina.startup.VersionLoggerListener.log 아키텍처:          amd64
21-Mar-2021 20:37:25.351 정보 [main] org.apache.catalina.startup.VersionLoggerListener.log 자바 홈:           C:\Program Files\ojdkbuild\java-1.8.0-openjdk-1.8.0.282-1\jre
21-Mar-2021 20:37:25.351 정보 [main] org.apache.catalina.startup.VersionLoggerListener.log JVM 버전:          1.8.0_282-b08
21-Mar-2021 20:37:25.351 정보 [main] org.apache.catalina.startup.VersionLoggerListener.log JVM 벤더:          ojdkbuild
21-Mar-2021 20:37:25.351 정보 [main] org.apache.catalina.startup.VersionLoggerListener.log CATALINA_BASE:     C:\jspNotice\apache-tomcat-8.5.64
21-Mar-2021 20:37:25.352 정보 [main] org.apache.catalina.startup.VersionLoggerListener.log CATALINA_HOME:     C:\jspNotice\apache-tomcat-8.5.64
21-Mar-2021 20:37:25.353 정보 [main] org.apache.catalina.startup.VersionLoggerListener.log 명령 행 아규먼트:  -Djava.util.logging.config.file=C:\jspNotice\apache-tomcat-8.5.64\conf\logging.properties
21-Mar-2021 20:37:25.353 정보 [main] org.apache.catalina.startup.VersionLoggerListener.log 명령 행 아규먼트:  -Djava.util.logging.manager=org.apache.juli.ClassLoaderLogManager
21-Mar-2021 20:37:25.354 정보 [main] org.apache.catalina.startup.VersionLoggerListener.log 명령 행 아규먼트:  -Djdk.tls.ephemeralDHKeySize=2048
21-Mar-2021 20:37:25.355 정보 [main] org.apache.catalina.startup.VersionLoggerListener.log 명령 행 아규먼트:  -Djava.protocol.handler.pkgs=org.apache.catalina.webresources
21-Mar-2021 20:37:25.358 정보 [main] org.apache.catalina.startup.VersionLoggerListener.log 명령 행 아규먼트:  -Dignore.endorsed.dirs=
21-Mar-2021 20:37:25.360 정보 [main] org.apache.catalina.startup.VersionLoggerListener.log 명령 행 아규먼트:  -Dcatalina.base=C:\jspNotice\apache-tomcat-8.5.64
21-Mar-2021 20:37:25.362 정보 [main] org.apache.catalina.startup.VersionLoggerListener.log 명령 행 아규먼트:  -Dcatalina.home=C:\jspNotice\apache-tomcat-8.5.64
21-Mar-2021 20:37:25.363 정보 [main] org.apache.catalina.startup.VersionLoggerListener.log 명령 행 아규먼트:  -Djava.io.tmpdir=C:\jspNotice\apache-tomcat-8.5.64\temp
21-Mar-2021 20:37:25.364 정보 [main] org.apache.catalina.core.AprLifecycleListener.lifecycleEvent APR 버전 [1.7.0]을(를) 사용한, APR 기반 Apache Tomcat Native 라이브러리 [1.2.26]을(를) 로드했습니다.
21-Mar-2021 20:37:25.365 정보 [main] org.apache.catalina.core.AprLifecycleListener.lifecycleEvent APR 용량정보들: IPv6 [true], sendfile [true], accept filters [false], random [true].
21-Mar-2021 20:37:25.366 정보 [main] org.apache.catalina.core.AprLifecycleListener.lifecycleEvent APR/OpenSSL 설정: useAprConnector [false], useOpenSSL [true]
21-Mar-2021 20:37:25.376 정보 [main] org.apache.catalina.core.AprLifecycleListener.initializeSSL OpenSSL이 성공적으로 초기화되었습니다: [OpenSSL 1.1.1i  8 Dec 2020]
21-Mar-2021 20:37:25.462 정보 [main] org.apache.coyote.AbstractProtocol.init 프로토콜 핸들러 ["http-nio-8080"]을(를) 초기화합니다.
21-Mar-2021 20:37:25.644 정보 [main] org.apache.tomcat.util.net.NioSelectorPool.getSharedSelector Using a shared selector for servlet write/read
21-Mar-2021 20:37:25.655 정보 [main] org.apache.catalina.startup.Catalina.load Initialization processed in 800 ms
21-Mar-2021 20:37:25.704 정보 [main] org.apache.catalina.core.StandardService.startInternal 서비스 [Catalina]을(를) 시작합니다.
21-Mar-2021 20:37:25.705 정보 [main] org.apache.catalina.core.StandardEngine.startInternal Starting Servlet Engine: Apache Tomcat/8.5.64
21-Mar-2021 20:37:25.717 정보 [localhost-startStop-1] org.apache.catalina.startup.HostConfig.deployDirectory 웹 애플리케이션 디렉토리 [C:\jspNotice\apache-tomcat-8.5.64\webapps\docs]을(를) 배치합니다.
21-Mar-2021 20:37:26.011 정보 [localhost-startStop-1] org.apache.catalina.startup.HostConfig.deployDirectory 웹 애플리케이션 디렉토리 [C:\jspNotice\apache-tomcat-8.5.64\webapps\docs]에 대한 배치가 [289] 밀리초에 완료되었습니다.
21-Mar-2021 20:37:26.013 정보 [localhost-startStop-1] org.apache.catalina.startup.HostConfig.deployDirectory 웹 애플리케이션 디렉토리 [C:\jspNotice\apache-tomcat-8.5.64\webapps\examples]을(를) 배치합니다.
21-Mar-2021 20:37:26.502 정보 [localhost-startStop-1] org.apache.catalina.startup.HostConfig.deployDirectory 웹 애플리케이션 디렉토리 [C:\jspNotice\apache-tomcat-8.5.64\webapps\examples]에 대한 배치가 [489] 밀리초에 완료되었습니다.
21-Mar-2021 20:37:27.620 정보 [localhost-startStop-1] org.apache.catalina.startup.HostConfig.deployDirectory 웹 애플리케이션 디렉토리 [C:\jspNotice\apache-tomcat-8.5.64\webapps\host-manager]을(를) 배치합니다.
21-Mar-2021 20:37:27.657 정보 [localhost-startStop-1] org.apache.catalina.startup.HostConfig.deployDirectory 웹 애플리케이션 디렉토리 [C:\jspNotice\apache-tomcat-8.5.64\webapps\host-manager]에 대한 배치가 [37] 밀리초에 완료되었습니다.
21-Mar-2021 20:37:27.661 정보 [localhost-startStop-1] org.apache.catalina.startup.HostConfig.deployDirectory 웹 애플리케이션 디렉토리 [C:\jspNotice\apache-tomcat-8.5.64\webapps\manager]을(를) 배치합니다.
21-Mar-2021 20:37:27.696 정보 [localhost-startStop-1] org.apache.catalina.startup.HostConfig.deployDirectory 웹 애플리케이션 디렉토리 [C:\jspNotice\apache-tomcat-8.5.64\webapps\manager]에 대한 배치가 [35] 밀리초에 완료되었습니다.
21-Mar-2021 20:37:27.699 정보 [localhost-startStop-1] org.apache.catalina.startup.HostConfig.deployDirectory 웹 애플리케이션 디렉토리 [C:\jspNotice\apache-tomcat-8.5.64\webapps\ROOT]을(를) 배치합니다.
21-Mar-2021 20:37:27.729 정보 [localhost-startStop-1] org.apache.catalina.startup.HostConfig.deployDirectory 웹 애플리케이션 디렉토리 [C:\jspNotice\apache-tomcat-8.5.64\webapps\ROOT]에 대한 배치가 [30] 밀리초에 완료되었습니다.
21-Mar-2021 20:37:27.734 정보 [main] org.apache.coyote.AbstractProtocol.start 프로토콜 핸들러 ["http-nio-8080"]을(를) 시작합니다.
21-Mar-2021 20:37:27.744 정보 [main] org.apache.catalina.startup.Catalina.start Server startup in 2081 ms
21-Mar-2021 20:37:27.750 심각 [main] org.apache.catalina.core.StandardServer.await StandardServer.await: create[localhost:8080]: 
	java.net.BindException: Address already in use: JVM_Bind
		at java.net.DualStackPlainSocketImpl.bind0(Native Method)
		at java.net.DualStackPlainSocketImpl.socketBind(DualStackPlainSocketImpl.java:106)
		at java.net.AbstractPlainSocketImpl.bind(AbstractPlainSocketImpl.java:387)
		at java.net.PlainSocketImpl.bind(PlainSocketImpl.java:190)
		at java.net.ServerSocket.bind(ServerSocket.java:390)
		at java.net.ServerSocket.<init>(ServerSocket.java:252)
		at org.apache.catalina.core.StandardServer.await(StandardServer.java:421)
		at org.apache.catalina.startup.Catalina.await(Catalina.java:776)
		at org.apache.catalina.startup.Catalina.start(Catalina.java:722)
		at sun.reflect.NativeMethodAccessorImpl.invoke0(Native Method)
		at sun.reflect.NativeMethodAccessorImpl.invoke(NativeMethodAccessorImpl.java:62)
		at sun.reflect.DelegatingMethodAccessorImpl.invoke(DelegatingMethodAccessorImpl.java:43)
		at java.lang.reflect.Method.invoke(Method.java:498)
		at org.apache.catalina.startup.Bootstrap.start(Bootstrap.java:342)
		at org.apache.catalina.startup.Bootstrap.main(Bootstrap.java:473)
21-Mar-2021 20:37:27.753 정보 [main] org.apache.coyote.AbstractProtocol.pause 프로토콜 핸들러 ["http-nio-8080"]을(를) 일시 정지 중
21-Mar-2021 20:37:27.827 정보 [main] org.apache.catalina.core.StandardService.stopInternal 서비스 [Catalina]을(를) 중지시킵니다.
21-Mar-2021 20:37:27.849 정보 [main] org.apache.coyote.AbstractProtocol.stop 프로토콜 핸들러 ["http-nio-8080"]을(를) 중지시킵니다.
21-Mar-2021 20:37:27.852 정보 [main] org.apache.coyote.AbstractProtocol.destroy 프로토콜 핸들러 ["http-nio-8080"]을(를) 소멸시킵니다.
