24-Mar-2021 16:44:25.054 정보 [main] org.apache.catalina.startup.VersionLoggerListener.log 서버 버전 이름:    Apache Tomcat/8.5.64
24-Mar-2021 16:44:25.060 정보 [main] org.apache.catalina.startup.VersionLoggerListener.log Server 빌드 시각:  Mar 4 2021 23:14:16 UTC
24-Mar-2021 16:44:25.061 정보 [main] org.apache.catalina.startup.VersionLoggerListener.log Server 버전 번호:  8.5.64.0
24-Mar-2021 16:44:25.061 정보 [main] org.apache.catalina.startup.VersionLoggerListener.log 운영체제 이름:     Windows 10
24-Mar-2021 16:44:25.061 정보 [main] org.apache.catalina.startup.VersionLoggerListener.log 운영체제 버전:     10.0
24-Mar-2021 16:44:25.062 정보 [main] org.apache.catalina.startup.VersionLoggerListener.log 아키텍처:          amd64
24-Mar-2021 16:44:25.062 정보 [main] org.apache.catalina.startup.VersionLoggerListener.log 자바 홈:           C:\Program Files\ojdkbuild\java-1.8.0-openjdk-1.8.0.282-1\jre
24-Mar-2021 16:44:25.062 정보 [main] org.apache.catalina.startup.VersionLoggerListener.log JVM 버전:          1.8.0_282-b08
24-Mar-2021 16:44:25.062 정보 [main] org.apache.catalina.startup.VersionLoggerListener.log JVM 벤더:          ojdkbuild
24-Mar-2021 16:44:25.062 정보 [main] org.apache.catalina.startup.VersionLoggerListener.log CATALINA_BASE:     C:\jspNotice\apache-tomcat-8.5.64
24-Mar-2021 16:44:25.062 정보 [main] org.apache.catalina.startup.VersionLoggerListener.log CATALINA_HOME:     C:\jspNotice\apache-tomcat-8.5.64
24-Mar-2021 16:44:25.063 정보 [main] org.apache.catalina.startup.VersionLoggerListener.log 명령 행 아규먼트:  -Djava.util.logging.config.file=C:\jspNotice\apache-tomcat-8.5.64\conf\logging.properties
24-Mar-2021 16:44:25.064 정보 [main] org.apache.catalina.startup.VersionLoggerListener.log 명령 행 아규먼트:  -Djava.util.logging.manager=org.apache.juli.ClassLoaderLogManager
24-Mar-2021 16:44:25.065 정보 [main] org.apache.catalina.startup.VersionLoggerListener.log 명령 행 아규먼트:  -Djdk.tls.ephemeralDHKeySize=2048
24-Mar-2021 16:44:25.066 정보 [main] org.apache.catalina.startup.VersionLoggerListener.log 명령 행 아규먼트:  -Djava.protocol.handler.pkgs=org.apache.catalina.webresources
24-Mar-2021 16:44:25.067 정보 [main] org.apache.catalina.startup.VersionLoggerListener.log 명령 행 아규먼트:  -Dignore.endorsed.dirs=
24-Mar-2021 16:44:25.068 정보 [main] org.apache.catalina.startup.VersionLoggerListener.log 명령 행 아규먼트:  -Dcatalina.base=C:\jspNotice\apache-tomcat-8.5.64
24-Mar-2021 16:44:25.069 정보 [main] org.apache.catalina.startup.VersionLoggerListener.log 명령 행 아규먼트:  -Dcatalina.home=C:\jspNotice\apache-tomcat-8.5.64
24-Mar-2021 16:44:25.070 정보 [main] org.apache.catalina.startup.VersionLoggerListener.log 명령 행 아규먼트:  -Djava.io.tmpdir=C:\jspNotice\apache-tomcat-8.5.64\temp
24-Mar-2021 16:44:25.073 정보 [main] org.apache.catalina.core.AprLifecycleListener.lifecycleEvent APR 버전 [1.7.0]을(를) 사용한, APR 기반 Apache Tomcat Native 라이브러리 [1.2.26]을(를) 로드했습니다.
24-Mar-2021 16:44:25.074 정보 [main] org.apache.catalina.core.AprLifecycleListener.lifecycleEvent APR 용량정보들: IPv6 [true], sendfile [true], accept filters [false], random [true].
24-Mar-2021 16:44:25.075 정보 [main] org.apache.catalina.core.AprLifecycleListener.lifecycleEvent APR/OpenSSL 설정: useAprConnector [false], useOpenSSL [true]
24-Mar-2021 16:44:25.096 정보 [main] org.apache.catalina.core.AprLifecycleListener.initializeSSL OpenSSL이 성공적으로 초기화되었습니다: [OpenSSL 1.1.1i  8 Dec 2020]
24-Mar-2021 16:44:25.187 정보 [main] org.apache.coyote.AbstractProtocol.init 프로토콜 핸들러 ["http-nio-8080"]을(를) 초기화합니다.
24-Mar-2021 16:44:25.346 정보 [main] org.apache.tomcat.util.net.NioSelectorPool.getSharedSelector Using a shared selector for servlet write/read
24-Mar-2021 16:44:25.357 정보 [main] org.apache.catalina.startup.Catalina.load Initialization processed in 707 ms
24-Mar-2021 16:44:25.392 정보 [main] org.apache.catalina.core.StandardService.startInternal 서비스 [Catalina]을(를) 시작합니다.
24-Mar-2021 16:44:25.394 정보 [main] org.apache.catalina.core.StandardEngine.startInternal Starting Servlet Engine: Apache Tomcat/8.5.64
24-Mar-2021 16:44:25.405 정보 [localhost-startStop-1] org.apache.catalina.startup.HostConfig.deployDirectory 웹 애플리케이션 디렉토리 [C:\jspNotice\apache-tomcat-8.5.64\webapps\docs]을(를) 배치합니다.
24-Mar-2021 16:44:25.662 정보 [localhost-startStop-1] org.apache.catalina.startup.HostConfig.deployDirectory 웹 애플리케이션 디렉토리 [C:\jspNotice\apache-tomcat-8.5.64\webapps\docs]에 대한 배치가 [255] 밀리초에 완료되었습니다.
24-Mar-2021 16:44:25.666 정보 [localhost-startStop-1] org.apache.catalina.startup.HostConfig.deployDirectory 웹 애플리케이션 디렉토리 [C:\jspNotice\apache-tomcat-8.5.64\webapps\examples]을(를) 배치합니다.
24-Mar-2021 16:44:26.345 정보 [localhost-startStop-1] org.apache.catalina.startup.HostConfig.deployDirectory 웹 애플리케이션 디렉토리 [C:\jspNotice\apache-tomcat-8.5.64\webapps\examples]에 대한 배치가 [679] 밀리초에 완료되었습니다.
24-Mar-2021 16:44:26.348 정보 [localhost-startStop-1] org.apache.catalina.startup.HostConfig.deployDirectory 웹 애플리케이션 디렉토리 [C:\jspNotice\apache-tomcat-8.5.64\webapps\host-manager]을(를) 배치합니다.
24-Mar-2021 16:44:26.384 정보 [localhost-startStop-1] org.apache.catalina.startup.HostConfig.deployDirectory 웹 애플리케이션 디렉토리 [C:\jspNotice\apache-tomcat-8.5.64\webapps\host-manager]에 대한 배치가 [36] 밀리초에 완료되었습니다.
24-Mar-2021 16:44:26.387 정보 [localhost-startStop-1] org.apache.catalina.startup.HostConfig.deployDirectory 웹 애플리케이션 디렉토리 [C:\jspNotice\apache-tomcat-8.5.64\webapps\manager]을(를) 배치합니다.
24-Mar-2021 16:44:26.422 정보 [localhost-startStop-1] org.apache.catalina.startup.HostConfig.deployDirectory 웹 애플리케이션 디렉토리 [C:\jspNotice\apache-tomcat-8.5.64\webapps\manager]에 대한 배치가 [36] 밀리초에 완료되었습니다.
24-Mar-2021 16:44:26.424 정보 [localhost-startStop-1] org.apache.catalina.startup.HostConfig.deployDirectory 웹 애플리케이션 디렉토리 [C:\jspNotice\apache-tomcat-8.5.64\webapps\ROOT]을(를) 배치합니다.
24-Mar-2021 16:44:26.451 정보 [localhost-startStop-1] org.apache.catalina.startup.HostConfig.deployDirectory 웹 애플리케이션 디렉토리 [C:\jspNotice\apache-tomcat-8.5.64\webapps\ROOT]에 대한 배치가 [26] 밀리초에 완료되었습니다.
24-Mar-2021 16:44:26.454 정보 [main] org.apache.coyote.AbstractProtocol.start 프로토콜 핸들러 ["http-nio-8080"]을(를) 시작합니다.
24-Mar-2021 16:44:26.465 정보 [main] org.apache.catalina.startup.Catalina.start Server startup in 1107 ms
24-Mar-2021 16:44:26.471 심각 [main] org.apache.catalina.core.StandardServer.await StandardServer.await: create[localhost:8080]: 
	java.net.BindException: Address already in use: JVM_Bind
		at java.net.DualStackPlainSocketImpl.bind0(Native Method)
		at java.net.DualStackPlainSocketImpl.socketBind(DualStackPlainSocketImpl.java:106)
		at java.net.AbstractPlainSocketImpl.bind(AbstractPlainSocketImpl.java:387)
		at java.net.PlainSocketImpl.bind(PlainSocketImpl.java:190)
		at java.net.ServerSocket.bind(ServerSocket.java:390)
		at java.net.ServerSocket.<init>(ServerSocket.java:252)
		at org.apache.catalina.core.StandardServer.await(StandardServer.java:421)
		at org.apache.catalina.startup.Catalina.await(Catalina.java:776)
		at org.apache.catalina.startup.Catalina.start(Catalina.java:722)
		at sun.reflect.NativeMethodAccessorImpl.invoke0(Native Method)
		at sun.reflect.NativeMethodAccessorImpl.invoke(NativeMethodAccessorImpl.java:62)
		at sun.reflect.DelegatingMethodAccessorImpl.invoke(DelegatingMethodAccessorImpl.java:43)
		at java.lang.reflect.Method.invoke(Method.java:498)
		at org.apache.catalina.startup.Bootstrap.start(Bootstrap.java:342)
		at org.apache.catalina.startup.Bootstrap.main(Bootstrap.java:473)
24-Mar-2021 16:44:26.474 정보 [main] org.apache.coyote.AbstractProtocol.pause 프로토콜 핸들러 ["http-nio-8080"]을(를) 일시 정지 중
24-Mar-2021 16:44:26.544 정보 [main] org.apache.catalina.core.StandardService.stopInternal 서비스 [Catalina]을(를) 중지시킵니다.
24-Mar-2021 16:44:26.567 정보 [main] org.apache.coyote.AbstractProtocol.stop 프로토콜 핸들러 ["http-nio-8080"]을(를) 중지시킵니다.
24-Mar-2021 16:44:26.572 정보 [main] org.apache.coyote.AbstractProtocol.destroy 프로토콜 핸들러 ["http-nio-8080"]을(를) 소멸시킵니다.
