18-Mar-2021 10:36:04.474 정보 [main] org.apache.catalina.startup.VersionLoggerListener.log 서버 버전 이름:    Apache Tomcat/8.5.64
18-Mar-2021 10:36:04.488 정보 [main] org.apache.catalina.startup.VersionLoggerListener.log Server 빌드 시각:  Mar 4 2021 23:14:16 UTC
18-Mar-2021 10:36:04.488 정보 [main] org.apache.catalina.startup.VersionLoggerListener.log Server 버전 번호:  8.5.64.0
18-Mar-2021 10:36:04.488 정보 [main] org.apache.catalina.startup.VersionLoggerListener.log 운영체제 이름:     Windows 10
18-Mar-2021 10:36:04.489 정보 [main] org.apache.catalina.startup.VersionLoggerListener.log 운영체제 버전:     10.0
18-Mar-2021 10:36:04.489 정보 [main] org.apache.catalina.startup.VersionLoggerListener.log 아키텍처:          amd64
18-Mar-2021 10:36:04.489 정보 [main] org.apache.catalina.startup.VersionLoggerListener.log 자바 홈:           C:\Program Files\ojdkbuild\java-1.8.0-openjdk-1.8.0.282-1\jre
18-Mar-2021 10:36:04.489 정보 [main] org.apache.catalina.startup.VersionLoggerListener.log JVM 버전:          1.8.0_282-b08
18-Mar-2021 10:36:04.490 정보 [main] org.apache.catalina.startup.VersionLoggerListener.log JVM 벤더:          ojdkbuild
18-Mar-2021 10:36:04.490 정보 [main] org.apache.catalina.startup.VersionLoggerListener.log CATALINA_BASE:     C:\jspNotice\apache-tomcat-8.5.64
18-Mar-2021 10:36:04.490 정보 [main] org.apache.catalina.startup.VersionLoggerListener.log CATALINA_HOME:     C:\jspNotice\apache-tomcat-8.5.64
18-Mar-2021 10:36:04.491 정보 [main] org.apache.catalina.startup.VersionLoggerListener.log 명령 행 아규먼트:  -Djava.util.logging.config.file=C:\jspNotice\apache-tomcat-8.5.64\conf\logging.properties
18-Mar-2021 10:36:04.492 정보 [main] org.apache.catalina.startup.VersionLoggerListener.log 명령 행 아규먼트:  -Djava.util.logging.manager=org.apache.juli.ClassLoaderLogManager
18-Mar-2021 10:36:04.493 정보 [main] org.apache.catalina.startup.VersionLoggerListener.log 명령 행 아규먼트:  -Djdk.tls.ephemeralDHKeySize=2048
18-Mar-2021 10:36:04.494 정보 [main] org.apache.catalina.startup.VersionLoggerListener.log 명령 행 아규먼트:  -Djava.protocol.handler.pkgs=org.apache.catalina.webresources
18-Mar-2021 10:36:04.495 정보 [main] org.apache.catalina.startup.VersionLoggerListener.log 명령 행 아규먼트:  -Dignore.endorsed.dirs=
18-Mar-2021 10:36:04.496 정보 [main] org.apache.catalina.startup.VersionLoggerListener.log 명령 행 아규먼트:  -Dcatalina.base=C:\jspNotice\apache-tomcat-8.5.64
18-Mar-2021 10:36:04.497 정보 [main] org.apache.catalina.startup.VersionLoggerListener.log 명령 행 아규먼트:  -Dcatalina.home=C:\jspNotice\apache-tomcat-8.5.64
18-Mar-2021 10:36:04.498 정보 [main] org.apache.catalina.startup.VersionLoggerListener.log 명령 행 아규먼트:  -Djava.io.tmpdir=C:\jspNotice\apache-tomcat-8.5.64\temp
18-Mar-2021 10:36:04.499 정보 [main] org.apache.catalina.core.AprLifecycleListener.lifecycleEvent APR 버전 [1.7.0]을(를) 사용한, APR 기반 Apache Tomcat Native 라이브러리 [1.2.26]을(를) 로드했습니다.
18-Mar-2021 10:36:04.502 정보 [main] org.apache.catalina.core.AprLifecycleListener.lifecycleEvent APR 용량정보들: IPv6 [true], sendfile [true], accept filters [false], random [true].
18-Mar-2021 10:36:04.503 정보 [main] org.apache.catalina.core.AprLifecycleListener.lifecycleEvent APR/OpenSSL 설정: useAprConnector [false], useOpenSSL [true]
18-Mar-2021 10:36:04.529 정보 [main] org.apache.catalina.core.AprLifecycleListener.initializeSSL OpenSSL이 성공적으로 초기화되었습니다: [OpenSSL 1.1.1i  8 Dec 2020]
18-Mar-2021 10:36:04.655 정보 [main] org.apache.coyote.AbstractProtocol.init 프로토콜 핸들러 ["http-nio-8080"]을(를) 초기화합니다.
18-Mar-2021 10:36:04.676 심각 [main] org.apache.catalina.core.StandardService.initInternal Failed to initialize connector [Connector[HTTP/1.1-8080]]
	org.apache.catalina.LifecycleException: 프로토콜 핸들러 초기화가 실패했습니다.
		at org.apache.catalina.connector.Connector.initInternal(Connector.java:1077)
		at org.apache.catalina.util.LifecycleBase.init(LifecycleBase.java:136)
		at org.apache.catalina.core.StandardService.initInternal(StandardService.java:552)
		at org.apache.catalina.util.LifecycleBase.init(LifecycleBase.java:136)
		at org.apache.catalina.core.StandardServer.initInternal(StandardServer.java:846)
		at org.apache.catalina.util.LifecycleBase.init(LifecycleBase.java:136)
		at org.apache.catalina.startup.Catalina.load(Catalina.java:639)
		at org.apache.catalina.startup.Catalina.load(Catalina.java:662)
		at sun.reflect.NativeMethodAccessorImpl.invoke0(Native Method)
		at sun.reflect.NativeMethodAccessorImpl.invoke(NativeMethodAccessorImpl.java:62)
		at sun.reflect.DelegatingMethodAccessorImpl.invoke(DelegatingMethodAccessorImpl.java:43)
		at java.lang.reflect.Method.invoke(Method.java:498)
		at org.apache.catalina.startup.Bootstrap.load(Bootstrap.java:302)
		at org.apache.catalina.startup.Bootstrap.main(Bootstrap.java:472)
	Caused by: java.net.BindException: Address already in use: bind
		at sun.nio.ch.Net.bind0(Native Method)
		at sun.nio.ch.Net.bind(Net.java:461)
		at sun.nio.ch.Net.bind(Net.java:453)
		at sun.nio.ch.ServerSocketChannelImpl.bind(ServerSocketChannelImpl.java:222)
		at sun.nio.ch.ServerSocketAdaptor.bind(ServerSocketAdaptor.java:85)
		at org.apache.tomcat.util.net.NioEndpoint.bind(NioEndpoint.java:222)
		at org.apache.tomcat.util.net.AbstractEndpoint.init(AbstractEndpoint.java:1143)
		at org.apache.tomcat.util.net.AbstractJsseEndpoint.init(AbstractJsseEndpoint.java:222)
		at org.apache.coyote.AbstractProtocol.init(AbstractProtocol.java:599)
		at org.apache.coyote.http11.AbstractHttp11Protocol.init(AbstractHttp11Protocol.java:80)
		at org.apache.catalina.connector.Connector.initInternal(Connector.java:1075)
		... 13 more
18-Mar-2021 10:36:04.682 정보 [main] org.apache.catalina.startup.Catalina.load Initialization processed in 757 ms
18-Mar-2021 10:36:04.719 정보 [main] org.apache.catalina.core.StandardService.startInternal 서비스 [Catalina]을(를) 시작합니다.
18-Mar-2021 10:36:04.721 정보 [main] org.apache.catalina.core.StandardEngine.startInternal Starting Servlet Engine: Apache Tomcat/8.5.64
18-Mar-2021 10:36:04.735 정보 [localhost-startStop-1] org.apache.catalina.startup.HostConfig.deployDirectory 웹 애플리케이션 디렉토리 [C:\jspNotice\apache-tomcat-8.5.64\webapps\docs]을(를) 배치합니다.
18-Mar-2021 10:36:05.096 정보 [localhost-startStop-1] org.apache.catalina.startup.HostConfig.deployDirectory 웹 애플리케이션 디렉토리 [C:\jspNotice\apache-tomcat-8.5.64\webapps\docs]에 대한 배치가 [359] 밀리초에 완료되었습니다.
18-Mar-2021 10:36:05.101 정보 [localhost-startStop-1] org.apache.catalina.startup.HostConfig.deployDirectory 웹 애플리케이션 디렉토리 [C:\jspNotice\apache-tomcat-8.5.64\webapps\examples]을(를) 배치합니다.
18-Mar-2021 10:36:05.807 정보 [localhost-startStop-1] org.apache.catalina.startup.HostConfig.deployDirectory 웹 애플리케이션 디렉토리 [C:\jspNotice\apache-tomcat-8.5.64\webapps\examples]에 대한 배치가 [706] 밀리초에 완료되었습니다.
18-Mar-2021 10:36:05.809 정보 [localhost-startStop-1] org.apache.catalina.startup.HostConfig.deployDirectory 웹 애플리케이션 디렉토리 [C:\jspNotice\apache-tomcat-8.5.64\webapps\host-manager]을(를) 배치합니다.
18-Mar-2021 10:36:05.848 정보 [localhost-startStop-1] org.apache.catalina.startup.HostConfig.deployDirectory 웹 애플리케이션 디렉토리 [C:\jspNotice\apache-tomcat-8.5.64\webapps\host-manager]에 대한 배치가 [39] 밀리초에 완료되었습니다.
18-Mar-2021 10:36:05.851 정보 [localhost-startStop-1] org.apache.catalina.startup.HostConfig.deployDirectory 웹 애플리케이션 디렉토리 [C:\jspNotice\apache-tomcat-8.5.64\webapps\manager]을(를) 배치합니다.
18-Mar-2021 10:36:05.887 정보 [localhost-startStop-1] org.apache.catalina.startup.HostConfig.deployDirectory 웹 애플리케이션 디렉토리 [C:\jspNotice\apache-tomcat-8.5.64\webapps\manager]에 대한 배치가 [37] 밀리초에 완료되었습니다.
18-Mar-2021 10:36:05.890 정보 [localhost-startStop-1] org.apache.catalina.startup.HostConfig.deployDirectory 웹 애플리케이션 디렉토리 [C:\jspNotice\apache-tomcat-8.5.64\webapps\ROOT]을(를) 배치합니다.
18-Mar-2021 10:36:05.915 정보 [localhost-startStop-1] org.apache.catalina.startup.HostConfig.deployDirectory 웹 애플리케이션 디렉토리 [C:\jspNotice\apache-tomcat-8.5.64\webapps\ROOT]에 대한 배치가 [25] 밀리초에 완료되었습니다.
18-Mar-2021 10:36:05.919 정보 [main] org.apache.catalina.startup.Catalina.start Server startup in 1237 ms
18-Mar-2021 10:41:19.251 정보 [main] org.apache.catalina.startup.VersionLoggerListener.log 서버 버전 이름:    Apache Tomcat/8.5.64
18-Mar-2021 10:41:19.255 정보 [main] org.apache.catalina.startup.VersionLoggerListener.log Server 빌드 시각:  Mar 4 2021 23:14:16 UTC
18-Mar-2021 10:41:19.255 정보 [main] org.apache.catalina.startup.VersionLoggerListener.log Server 버전 번호:  8.5.64.0
18-Mar-2021 10:41:19.255 정보 [main] org.apache.catalina.startup.VersionLoggerListener.log 운영체제 이름:     Windows 10
18-Mar-2021 10:41:19.255 정보 [main] org.apache.catalina.startup.VersionLoggerListener.log 운영체제 버전:     10.0
18-Mar-2021 10:41:19.256 정보 [main] org.apache.catalina.startup.VersionLoggerListener.log 아키텍처:          amd64
18-Mar-2021 10:41:19.256 정보 [main] org.apache.catalina.startup.VersionLoggerListener.log 자바 홈:           C:\Program Files\ojdkbuild\java-1.8.0-openjdk-1.8.0.282-1\jre
18-Mar-2021 10:41:19.256 정보 [main] org.apache.catalina.startup.VersionLoggerListener.log JVM 버전:          1.8.0_282-b08
18-Mar-2021 10:41:19.256 정보 [main] org.apache.catalina.startup.VersionLoggerListener.log JVM 벤더:          ojdkbuild
18-Mar-2021 10:41:19.256 정보 [main] org.apache.catalina.startup.VersionLoggerListener.log CATALINA_BASE:     C:\jspNotice\apache-tomcat-8.5.64
18-Mar-2021 10:41:19.256 정보 [main] org.apache.catalina.startup.VersionLoggerListener.log CATALINA_HOME:     C:\jspNotice\apache-tomcat-8.5.64
18-Mar-2021 10:41:19.257 정보 [main] org.apache.catalina.startup.VersionLoggerListener.log 명령 행 아규먼트:  -Djava.util.logging.config.file=C:\jspNotice\apache-tomcat-8.5.64\conf\logging.properties
18-Mar-2021 10:41:19.258 정보 [main] org.apache.catalina.startup.VersionLoggerListener.log 명령 행 아규먼트:  -Djava.util.logging.manager=org.apache.juli.ClassLoaderLogManager
18-Mar-2021 10:41:19.259 정보 [main] org.apache.catalina.startup.VersionLoggerListener.log 명령 행 아규먼트:  -Djdk.tls.ephemeralDHKeySize=2048
18-Mar-2021 10:41:19.259 정보 [main] org.apache.catalina.startup.VersionLoggerListener.log 명령 행 아규먼트:  -Djava.protocol.handler.pkgs=org.apache.catalina.webresources
18-Mar-2021 10:41:19.260 정보 [main] org.apache.catalina.startup.VersionLoggerListener.log 명령 행 아규먼트:  -Dignore.endorsed.dirs=
18-Mar-2021 10:41:19.261 정보 [main] org.apache.catalina.startup.VersionLoggerListener.log 명령 행 아규먼트:  -Dcatalina.base=C:\jspNotice\apache-tomcat-8.5.64
18-Mar-2021 10:41:19.262 정보 [main] org.apache.catalina.startup.VersionLoggerListener.log 명령 행 아규먼트:  -Dcatalina.home=C:\jspNotice\apache-tomcat-8.5.64
18-Mar-2021 10:41:19.262 정보 [main] org.apache.catalina.startup.VersionLoggerListener.log 명령 행 아규먼트:  -Djava.io.tmpdir=C:\jspNotice\apache-tomcat-8.5.64\temp
18-Mar-2021 10:41:19.263 정보 [main] org.apache.catalina.core.AprLifecycleListener.lifecycleEvent APR 버전 [1.7.0]을(를) 사용한, APR 기반 Apache Tomcat Native 라이브러리 [1.2.26]을(를) 로드했습니다.
18-Mar-2021 10:41:19.265 정보 [main] org.apache.catalina.core.AprLifecycleListener.lifecycleEvent APR 용량정보들: IPv6 [true], sendfile [true], accept filters [false], random [true].
18-Mar-2021 10:41:19.265 정보 [main] org.apache.catalina.core.AprLifecycleListener.lifecycleEvent APR/OpenSSL 설정: useAprConnector [false], useOpenSSL [true]
18-Mar-2021 10:41:19.271 정보 [main] org.apache.catalina.core.AprLifecycleListener.initializeSSL OpenSSL이 성공적으로 초기화되었습니다: [OpenSSL 1.1.1i  8 Dec 2020]
18-Mar-2021 10:41:19.342 정보 [main] org.apache.coyote.AbstractProtocol.init 프로토콜 핸들러 ["http-nio-8080"]을(를) 초기화합니다.
18-Mar-2021 10:41:19.354 심각 [main] org.apache.catalina.core.StandardService.initInternal Failed to initialize connector [Connector[HTTP/1.1-8080]]
	org.apache.catalina.LifecycleException: 프로토콜 핸들러 초기화가 실패했습니다.
		at org.apache.catalina.connector.Connector.initInternal(Connector.java:1077)
		at org.apache.catalina.util.LifecycleBase.init(LifecycleBase.java:136)
		at org.apache.catalina.core.StandardService.initInternal(StandardService.java:552)
		at org.apache.catalina.util.LifecycleBase.init(LifecycleBase.java:136)
		at org.apache.catalina.core.StandardServer.initInternal(StandardServer.java:846)
		at org.apache.catalina.util.LifecycleBase.init(LifecycleBase.java:136)
		at org.apache.catalina.startup.Catalina.load(Catalina.java:639)
		at org.apache.catalina.startup.Catalina.load(Catalina.java:662)
		at sun.reflect.NativeMethodAccessorImpl.invoke0(Native Method)
		at sun.reflect.NativeMethodAccessorImpl.invoke(NativeMethodAccessorImpl.java:62)
		at sun.reflect.DelegatingMethodAccessorImpl.invoke(DelegatingMethodAccessorImpl.java:43)
		at java.lang.reflect.Method.invoke(Method.java:498)
		at org.apache.catalina.startup.Bootstrap.load(Bootstrap.java:302)
		at org.apache.catalina.startup.Bootstrap.main(Bootstrap.java:472)
	Caused by: java.net.BindException: Address already in use: bind
		at sun.nio.ch.Net.bind0(Native Method)
		at sun.nio.ch.Net.bind(Net.java:461)
		at sun.nio.ch.Net.bind(Net.java:453)
		at sun.nio.ch.ServerSocketChannelImpl.bind(ServerSocketChannelImpl.java:222)
		at sun.nio.ch.ServerSocketAdaptor.bind(ServerSocketAdaptor.java:85)
		at org.apache.tomcat.util.net.NioEndpoint.bind(NioEndpoint.java:222)
		at org.apache.tomcat.util.net.AbstractEndpoint.init(AbstractEndpoint.java:1143)
		at org.apache.tomcat.util.net.AbstractJsseEndpoint.init(AbstractJsseEndpoint.java:222)
		at org.apache.coyote.AbstractProtocol.init(AbstractProtocol.java:599)
		at org.apache.coyote.http11.AbstractHttp11Protocol.init(AbstractHttp11Protocol.java:80)
		at org.apache.catalina.connector.Connector.initInternal(Connector.java:1075)
		... 13 more
18-Mar-2021 10:41:19.357 정보 [main] org.apache.catalina.startup.Catalina.load Initialization processed in 449 ms
18-Mar-2021 10:41:19.387 정보 [main] org.apache.catalina.core.StandardService.startInternal 서비스 [Catalina]을(를) 시작합니다.
18-Mar-2021 10:41:19.388 정보 [main] org.apache.catalina.core.StandardEngine.startInternal Starting Servlet Engine: Apache Tomcat/8.5.64
18-Mar-2021 10:41:19.399 정보 [localhost-startStop-1] org.apache.catalina.startup.HostConfig.deployDirectory 웹 애플리케이션 디렉토리 [C:\jspNotice\apache-tomcat-8.5.64\webapps\docs]을(를) 배치합니다.
18-Mar-2021 10:41:19.697 정보 [localhost-startStop-1] org.apache.catalina.startup.HostConfig.deployDirectory 웹 애플리케이션 디렉토리 [C:\jspNotice\apache-tomcat-8.5.64\webapps\docs]에 대한 배치가 [297] 밀리초에 완료되었습니다.
18-Mar-2021 10:41:19.700 정보 [localhost-startStop-1] org.apache.catalina.startup.HostConfig.deployDirectory 웹 애플리케이션 디렉토리 [C:\jspNotice\apache-tomcat-8.5.64\webapps\examples]을(를) 배치합니다.
18-Mar-2021 10:41:20.079 정보 [localhost-startStop-1] org.apache.catalina.startup.HostConfig.deployDirectory 웹 애플리케이션 디렉토리 [C:\jspNotice\apache-tomcat-8.5.64\webapps\examples]에 대한 배치가 [379] 밀리초에 완료되었습니다.
18-Mar-2021 10:41:20.081 정보 [localhost-startStop-1] org.apache.catalina.startup.HostConfig.deployDirectory 웹 애플리케이션 디렉토리 [C:\jspNotice\apache-tomcat-8.5.64\webapps\host-manager]을(를) 배치합니다.
18-Mar-2021 10:41:20.110 정보 [localhost-startStop-1] org.apache.catalina.startup.HostConfig.deployDirectory 웹 애플리케이션 디렉토리 [C:\jspNotice\apache-tomcat-8.5.64\webapps\host-manager]에 대한 배치가 [29] 밀리초에 완료되었습니다.
18-Mar-2021 10:41:20.111 정보 [localhost-startStop-1] org.apache.catalina.startup.HostConfig.deployDirectory 웹 애플리케이션 디렉토리 [C:\jspNotice\apache-tomcat-8.5.64\webapps\manager]을(를) 배치합니다.
18-Mar-2021 10:41:20.140 정보 [localhost-startStop-1] org.apache.catalina.startup.HostConfig.deployDirectory 웹 애플리케이션 디렉토리 [C:\jspNotice\apache-tomcat-8.5.64\webapps\manager]에 대한 배치가 [29] 밀리초에 완료되었습니다.
18-Mar-2021 10:41:20.141 정보 [localhost-startStop-1] org.apache.catalina.startup.HostConfig.deployDirectory 웹 애플리케이션 디렉토리 [C:\jspNotice\apache-tomcat-8.5.64\webapps\ROOT]을(를) 배치합니다.
18-Mar-2021 10:41:20.164 정보 [localhost-startStop-1] org.apache.catalina.startup.HostConfig.deployDirectory 웹 애플리케이션 디렉토리 [C:\jspNotice\apache-tomcat-8.5.64\webapps\ROOT]에 대한 배치가 [23] 밀리초에 완료되었습니다.
18-Mar-2021 10:41:20.168 정보 [main] org.apache.catalina.startup.Catalina.start Server startup in 809 ms
18-Mar-2021 10:50:24.240 경고 [main] org.apache.catalina.core.StandardServer.await 유효하지 않은 셧다운 명령 [GET / HTTP/1.1]을(를) 받았습니다.
18-Mar-2021 10:50:25.312 경고 [main] org.apache.catalina.core.StandardServer.await 유효하지 않은 셧다운 명령 [GET / HTTP/1.1]을(를) 받았습니다.
18-Mar-2021 10:50:25.314 경고 [main] org.apache.catalina.core.StandardServer.await 유효하지 않은 셧다운 명령 [GET / HTTP/1.1]을(를) 받았습니다.
18-Mar-2021 10:50:25.620 경고 [main] org.apache.catalina.core.StandardServer.await 유효하지 않은 셧다운 명령 [GET / HTTP/1.1]을(를) 받았습니다.
18-Mar-2021 10:50:35.887 경고 [main] org.apache.catalina.core.StandardServer.await 셧다운 명령을 읽으려 시도하는 중 IOException이 발생했습니다.
	java.net.SocketTimeoutException: Read timed out
		at java.net.SocketInputStream.socketRead0(Native Method)
		at java.net.SocketInputStream.socketRead(SocketInputStream.java:116)
		at java.net.SocketInputStream.read(SocketInputStream.java:171)
		at java.net.SocketInputStream.read(SocketInputStream.java:141)
		at java.net.SocketInputStream.read(SocketInputStream.java:224)
		at org.apache.catalina.core.StandardServer.await(StandardServer.java:478)
		at org.apache.catalina.startup.Catalina.await(Catalina.java:776)
		at org.apache.catalina.startup.Catalina.start(Catalina.java:722)
		at sun.reflect.NativeMethodAccessorImpl.invoke0(Native Method)
		at sun.reflect.NativeMethodAccessorImpl.invoke(NativeMethodAccessorImpl.java:62)
		at sun.reflect.DelegatingMethodAccessorImpl.invoke(DelegatingMethodAccessorImpl.java:43)
		at java.lang.reflect.Method.invoke(Method.java:498)
		at org.apache.catalina.startup.Bootstrap.start(Bootstrap.java:342)
		at org.apache.catalina.startup.Bootstrap.main(Bootstrap.java:473)
18-Mar-2021 10:50:35.890 경고 [main] org.apache.catalina.core.StandardServer.await 유효하지 않은 셧다운 명령 []을(를) 받았습니다.
18-Mar-2021 10:56:00.515 정보 [main] org.apache.catalina.startup.VersionLoggerListener.log 서버 버전 이름:    Apache Tomcat/8.5.64
18-Mar-2021 10:56:00.520 정보 [main] org.apache.catalina.startup.VersionLoggerListener.log Server 빌드 시각:  Mar 4 2021 23:14:16 UTC
18-Mar-2021 10:56:00.520 정보 [main] org.apache.catalina.startup.VersionLoggerListener.log Server 버전 번호:  8.5.64.0
18-Mar-2021 10:56:00.520 정보 [main] org.apache.catalina.startup.VersionLoggerListener.log 운영체제 이름:     Windows 10
18-Mar-2021 10:56:00.520 정보 [main] org.apache.catalina.startup.VersionLoggerListener.log 운영체제 버전:     10.0
18-Mar-2021 10:56:00.520 정보 [main] org.apache.catalina.startup.VersionLoggerListener.log 아키텍처:          amd64
18-Mar-2021 10:56:00.521 정보 [main] org.apache.catalina.startup.VersionLoggerListener.log 자바 홈:           C:\Program Files\ojdkbuild\java-1.8.0-openjdk-1.8.0.282-1\jre
18-Mar-2021 10:56:00.521 정보 [main] org.apache.catalina.startup.VersionLoggerListener.log JVM 버전:          1.8.0_282-b08
18-Mar-2021 10:56:00.521 정보 [main] org.apache.catalina.startup.VersionLoggerListener.log JVM 벤더:          ojdkbuild
18-Mar-2021 10:56:00.521 정보 [main] org.apache.catalina.startup.VersionLoggerListener.log CATALINA_BASE:     C:\jspNotice\apache-tomcat-8.5.64
18-Mar-2021 10:56:00.521 정보 [main] org.apache.catalina.startup.VersionLoggerListener.log CATALINA_HOME:     C:\jspNotice\apache-tomcat-8.5.64
18-Mar-2021 10:56:00.522 정보 [main] org.apache.catalina.startup.VersionLoggerListener.log 명령 행 아규먼트:  -Djava.util.logging.config.file=C:\jspNotice\apache-tomcat-8.5.64\conf\logging.properties
18-Mar-2021 10:56:00.522 정보 [main] org.apache.catalina.startup.VersionLoggerListener.log 명령 행 아규먼트:  -Djava.util.logging.manager=org.apache.juli.ClassLoaderLogManager
18-Mar-2021 10:56:00.523 정보 [main] org.apache.catalina.startup.VersionLoggerListener.log 명령 행 아규먼트:  -Djdk.tls.ephemeralDHKeySize=2048
18-Mar-2021 10:56:00.524 정보 [main] org.apache.catalina.startup.VersionLoggerListener.log 명령 행 아규먼트:  -Djava.protocol.handler.pkgs=org.apache.catalina.webresources
18-Mar-2021 10:56:00.525 정보 [main] org.apache.catalina.startup.VersionLoggerListener.log 명령 행 아규먼트:  -Dignore.endorsed.dirs=
18-Mar-2021 10:56:00.525 정보 [main] org.apache.catalina.startup.VersionLoggerListener.log 명령 행 아규먼트:  -Dcatalina.base=C:\jspNotice\apache-tomcat-8.5.64
18-Mar-2021 10:56:00.526 정보 [main] org.apache.catalina.startup.VersionLoggerListener.log 명령 행 아규먼트:  -Dcatalina.home=C:\jspNotice\apache-tomcat-8.5.64
18-Mar-2021 10:56:00.527 정보 [main] org.apache.catalina.startup.VersionLoggerListener.log 명령 행 아규먼트:  -Djava.io.tmpdir=C:\jspNotice\apache-tomcat-8.5.64\temp
18-Mar-2021 10:56:00.527 정보 [main] org.apache.catalina.core.AprLifecycleListener.lifecycleEvent APR 버전 [1.7.0]을(를) 사용한, APR 기반 Apache Tomcat Native 라이브러리 [1.2.26]을(를) 로드했습니다.
18-Mar-2021 10:56:00.528 정보 [main] org.apache.catalina.core.AprLifecycleListener.lifecycleEvent APR 용량정보들: IPv6 [true], sendfile [true], accept filters [false], random [true].
18-Mar-2021 10:56:00.529 정보 [main] org.apache.catalina.core.AprLifecycleListener.lifecycleEvent APR/OpenSSL 설정: useAprConnector [false], useOpenSSL [true]
18-Mar-2021 10:56:00.535 정보 [main] org.apache.catalina.core.AprLifecycleListener.initializeSSL OpenSSL이 성공적으로 초기화되었습니다: [OpenSSL 1.1.1i  8 Dec 2020]
18-Mar-2021 10:56:00.605 정보 [main] org.apache.coyote.AbstractProtocol.init 프로토콜 핸들러 ["http-nio-8080"]을(를) 초기화합니다.
18-Mar-2021 10:56:00.616 심각 [main] org.apache.catalina.core.StandardService.initInternal Failed to initialize connector [Connector[HTTP/1.1-8080]]
	org.apache.catalina.LifecycleException: 프로토콜 핸들러 초기화가 실패했습니다.
		at org.apache.catalina.connector.Connector.initInternal(Connector.java:1077)
		at org.apache.catalina.util.LifecycleBase.init(LifecycleBase.java:136)
		at org.apache.catalina.core.StandardService.initInternal(StandardService.java:552)
		at org.apache.catalina.util.LifecycleBase.init(LifecycleBase.java:136)
		at org.apache.catalina.core.StandardServer.initInternal(StandardServer.java:846)
		at org.apache.catalina.util.LifecycleBase.init(LifecycleBase.java:136)
		at org.apache.catalina.startup.Catalina.load(Catalina.java:639)
		at org.apache.catalina.startup.Catalina.load(Catalina.java:662)
		at sun.reflect.NativeMethodAccessorImpl.invoke0(Native Method)
		at sun.reflect.NativeMethodAccessorImpl.invoke(NativeMethodAccessorImpl.java:62)
		at sun.reflect.DelegatingMethodAccessorImpl.invoke(DelegatingMethodAccessorImpl.java:43)
		at java.lang.reflect.Method.invoke(Method.java:498)
		at org.apache.catalina.startup.Bootstrap.load(Bootstrap.java:302)
		at org.apache.catalina.startup.Bootstrap.main(Bootstrap.java:472)
	Caused by: java.net.BindException: Address already in use: bind
		at sun.nio.ch.Net.bind0(Native Method)
		at sun.nio.ch.Net.bind(Net.java:461)
		at sun.nio.ch.Net.bind(Net.java:453)
		at sun.nio.ch.ServerSocketChannelImpl.bind(ServerSocketChannelImpl.java:222)
		at sun.nio.ch.ServerSocketAdaptor.bind(ServerSocketAdaptor.java:85)
		at org.apache.tomcat.util.net.NioEndpoint.bind(NioEndpoint.java:222)
		at org.apache.tomcat.util.net.AbstractEndpoint.init(AbstractEndpoint.java:1143)
		at org.apache.tomcat.util.net.AbstractJsseEndpoint.init(AbstractJsseEndpoint.java:222)
		at org.apache.coyote.AbstractProtocol.init(AbstractProtocol.java:599)
		at org.apache.coyote.http11.AbstractHttp11Protocol.init(AbstractHttp11Protocol.java:80)
		at org.apache.catalina.connector.Connector.initInternal(Connector.java:1075)
		... 13 more
18-Mar-2021 10:56:00.621 정보 [main] org.apache.catalina.startup.Catalina.load Initialization processed in 439 ms
18-Mar-2021 10:56:00.656 정보 [main] org.apache.catalina.core.StandardService.startInternal 서비스 [Catalina]을(를) 시작합니다.
18-Mar-2021 10:56:00.659 정보 [main] org.apache.catalina.core.StandardEngine.startInternal Starting Servlet Engine: Apache Tomcat/8.5.64
18-Mar-2021 10:56:00.676 정보 [localhost-startStop-1] org.apache.catalina.startup.HostConfig.deployDirectory 웹 애플리케이션 디렉토리 [C:\jspNotice\apache-tomcat-8.5.64\webapps\docs]을(를) 배치합니다.
18-Mar-2021 10:56:00.991 정보 [localhost-startStop-1] org.apache.catalina.startup.HostConfig.deployDirectory 웹 애플리케이션 디렉토리 [C:\jspNotice\apache-tomcat-8.5.64\webapps\docs]에 대한 배치가 [315] 밀리초에 완료되었습니다.
18-Mar-2021 10:56:00.993 정보 [localhost-startStop-1] org.apache.catalina.startup.HostConfig.deployDirectory 웹 애플리케이션 디렉토리 [C:\jspNotice\apache-tomcat-8.5.64\webapps\examples]을(를) 배치합니다.
18-Mar-2021 10:56:01.391 정보 [localhost-startStop-1] org.apache.catalina.startup.HostConfig.deployDirectory 웹 애플리케이션 디렉토리 [C:\jspNotice\apache-tomcat-8.5.64\webapps\examples]에 대한 배치가 [398] 밀리초에 완료되었습니다.
18-Mar-2021 10:56:01.392 정보 [localhost-startStop-1] org.apache.catalina.startup.HostConfig.deployDirectory 웹 애플리케이션 디렉토리 [C:\jspNotice\apache-tomcat-8.5.64\webapps\host-manager]을(를) 배치합니다.
18-Mar-2021 10:56:01.422 정보 [localhost-startStop-1] org.apache.catalina.startup.HostConfig.deployDirectory 웹 애플리케이션 디렉토리 [C:\jspNotice\apache-tomcat-8.5.64\webapps\host-manager]에 대한 배치가 [30] 밀리초에 완료되었습니다.
18-Mar-2021 10:56:01.424 정보 [localhost-startStop-1] org.apache.catalina.startup.HostConfig.deployDirectory 웹 애플리케이션 디렉토리 [C:\jspNotice\apache-tomcat-8.5.64\webapps\manager]을(를) 배치합니다.
18-Mar-2021 10:56:01.450 정보 [localhost-startStop-1] org.apache.catalina.startup.HostConfig.deployDirectory 웹 애플리케이션 디렉토리 [C:\jspNotice\apache-tomcat-8.5.64\webapps\manager]에 대한 배치가 [26] 밀리초에 완료되었습니다.
18-Mar-2021 10:56:01.453 정보 [localhost-startStop-1] org.apache.catalina.startup.HostConfig.deployDirectory 웹 애플리케이션 디렉토리 [C:\jspNotice\apache-tomcat-8.5.64\webapps\ROOT]을(를) 배치합니다.
18-Mar-2021 10:56:01.475 정보 [localhost-startStop-1] org.apache.catalina.startup.HostConfig.deployDirectory 웹 애플리케이션 디렉토리 [C:\jspNotice\apache-tomcat-8.5.64\webapps\ROOT]에 대한 배치가 [22] 밀리초에 완료되었습니다.
18-Mar-2021 10:56:01.478 정보 [main] org.apache.catalina.startup.Catalina.start Server startup in 856 ms
18-Mar-2021 10:56:10.349 경고 [main] org.apache.catalina.core.StandardServer.await 유효하지 않은 셧다운 명령 [GET / HTTP/1.1]을(를) 받았습니다.
18-Mar-2021 10:56:11.412 경고 [main] org.apache.catalina.core.StandardServer.await 유효하지 않은 셧다운 명령 [GET / HTTP/1.1]을(를) 받았습니다.
18-Mar-2021 10:56:11.414 경고 [main] org.apache.catalina.core.StandardServer.await 유효하지 않은 셧다운 명령 [GET / HTTP/1.1]을(를) 받았습니다.
18-Mar-2021 10:56:11.729 경고 [main] org.apache.catalina.core.StandardServer.await 유효하지 않은 셧다운 명령 [GET / HTTP/1.1]을(를) 받았습니다.
18-Mar-2021 10:56:12.857 경고 [main] org.apache.catalina.core.StandardServer.await 유효하지 않은 셧다운 명령 [GET / HTTP/1.1]을(를) 받았습니다.
18-Mar-2021 10:56:13.160 경고 [main] org.apache.catalina.core.StandardServer.await 유효하지 않은 셧다운 명령 [GET / HTTP/1.1]을(를) 받았습니다.
18-Mar-2021 10:56:18.503 경고 [main] org.apache.catalina.core.StandardServer.await 유효하지 않은 셧다운 명령 [GET / HTTP/1.1]을(를) 받았습니다.
18-Mar-2021 10:56:28.507 경고 [main] org.apache.catalina.core.StandardServer.await 셧다운 명령을 읽으려 시도하는 중 IOException이 발생했습니다.
	java.net.SocketTimeoutException: Read timed out
		at java.net.SocketInputStream.socketRead0(Native Method)
		at java.net.SocketInputStream.socketRead(SocketInputStream.java:116)
		at java.net.SocketInputStream.read(SocketInputStream.java:171)
		at java.net.SocketInputStream.read(SocketInputStream.java:141)
		at java.net.SocketInputStream.read(SocketInputStream.java:224)
		at org.apache.catalina.core.StandardServer.await(StandardServer.java:478)
		at org.apache.catalina.startup.Catalina.await(Catalina.java:776)
		at org.apache.catalina.startup.Catalina.start(Catalina.java:722)
		at sun.reflect.NativeMethodAccessorImpl.invoke0(Native Method)
		at sun.reflect.NativeMethodAccessorImpl.invoke(NativeMethodAccessorImpl.java:62)
		at sun.reflect.DelegatingMethodAccessorImpl.invoke(DelegatingMethodAccessorImpl.java:43)
		at java.lang.reflect.Method.invoke(Method.java:498)
		at org.apache.catalina.startup.Bootstrap.start(Bootstrap.java:342)
		at org.apache.catalina.startup.Bootstrap.main(Bootstrap.java:473)
18-Mar-2021 10:56:28.511 경고 [main] org.apache.catalina.core.StandardServer.await 유효하지 않은 셧다운 명령 []을(를) 받았습니다.
18-Mar-2021 10:56:38.522 경고 [main] org.apache.catalina.core.StandardServer.await 셧다운 명령을 읽으려 시도하는 중 IOException이 발생했습니다.
	java.net.SocketTimeoutException: Read timed out
		at java.net.SocketInputStream.socketRead0(Native Method)
		at java.net.SocketInputStream.socketRead(SocketInputStream.java:116)
		at java.net.SocketInputStream.read(SocketInputStream.java:171)
		at java.net.SocketInputStream.read(SocketInputStream.java:141)
		at java.net.SocketInputStream.read(SocketInputStream.java:224)
		at org.apache.catalina.core.StandardServer.await(StandardServer.java:478)
		at org.apache.catalina.startup.Catalina.await(Catalina.java:776)
		at org.apache.catalina.startup.Catalina.start(Catalina.java:722)
		at sun.reflect.NativeMethodAccessorImpl.invoke0(Native Method)
		at sun.reflect.NativeMethodAccessorImpl.invoke(NativeMethodAccessorImpl.java:62)
		at sun.reflect.DelegatingMethodAccessorImpl.invoke(DelegatingMethodAccessorImpl.java:43)
		at java.lang.reflect.Method.invoke(Method.java:498)
		at org.apache.catalina.startup.Bootstrap.start(Bootstrap.java:342)
		at org.apache.catalina.startup.Bootstrap.main(Bootstrap.java:473)
18-Mar-2021 10:56:38.527 경고 [main] org.apache.catalina.core.StandardServer.await 유효하지 않은 셧다운 명령 []을(를) 받았습니다.
18-Mar-2021 11:12:36.795 정보 [main] org.apache.catalina.startup.VersionLoggerListener.log 서버 버전 이름:    Apache Tomcat/8.5.64
18-Mar-2021 11:12:36.799 정보 [main] org.apache.catalina.startup.VersionLoggerListener.log Server 빌드 시각:  Mar 4 2021 23:14:16 UTC
18-Mar-2021 11:12:36.799 정보 [main] org.apache.catalina.startup.VersionLoggerListener.log Server 버전 번호:  8.5.64.0
18-Mar-2021 11:12:36.800 정보 [main] org.apache.catalina.startup.VersionLoggerListener.log 운영체제 이름:     Windows 10
18-Mar-2021 11:12:36.800 정보 [main] org.apache.catalina.startup.VersionLoggerListener.log 운영체제 버전:     10.0
18-Mar-2021 11:12:36.800 정보 [main] org.apache.catalina.startup.VersionLoggerListener.log 아키텍처:          amd64
18-Mar-2021 11:12:36.800 정보 [main] org.apache.catalina.startup.VersionLoggerListener.log 자바 홈:           C:\Program Files\ojdkbuild\java-1.8.0-openjdk-1.8.0.282-1\jre
18-Mar-2021 11:12:36.801 정보 [main] org.apache.catalina.startup.VersionLoggerListener.log JVM 버전:          1.8.0_282-b08
18-Mar-2021 11:12:36.801 정보 [main] org.apache.catalina.startup.VersionLoggerListener.log JVM 벤더:          ojdkbuild
18-Mar-2021 11:12:36.801 정보 [main] org.apache.catalina.startup.VersionLoggerListener.log CATALINA_BASE:     C:\jspNotice\apache-tomcat-8.5.64
18-Mar-2021 11:12:36.801 정보 [main] org.apache.catalina.startup.VersionLoggerListener.log CATALINA_HOME:     C:\jspNotice\apache-tomcat-8.5.64
18-Mar-2021 11:12:36.803 정보 [main] org.apache.catalina.startup.VersionLoggerListener.log 명령 행 아규먼트:  -Djava.util.logging.config.file=C:\jspNotice\apache-tomcat-8.5.64\conf\logging.properties
18-Mar-2021 11:12:36.803 정보 [main] org.apache.catalina.startup.VersionLoggerListener.log 명령 행 아규먼트:  -Djava.util.logging.manager=org.apache.juli.ClassLoaderLogManager
18-Mar-2021 11:12:36.804 정보 [main] org.apache.catalina.startup.VersionLoggerListener.log 명령 행 아규먼트:  -Djdk.tls.ephemeralDHKeySize=2048
18-Mar-2021 11:12:36.805 정보 [main] org.apache.catalina.startup.VersionLoggerListener.log 명령 행 아규먼트:  -Djava.protocol.handler.pkgs=org.apache.catalina.webresources
18-Mar-2021 11:12:36.806 정보 [main] org.apache.catalina.startup.VersionLoggerListener.log 명령 행 아규먼트:  -Dignore.endorsed.dirs=
18-Mar-2021 11:12:36.806 정보 [main] org.apache.catalina.startup.VersionLoggerListener.log 명령 행 아규먼트:  -Dcatalina.base=C:\jspNotice\apache-tomcat-8.5.64
18-Mar-2021 11:12:36.807 정보 [main] org.apache.catalina.startup.VersionLoggerListener.log 명령 행 아규먼트:  -Dcatalina.home=C:\jspNotice\apache-tomcat-8.5.64
18-Mar-2021 11:12:36.808 정보 [main] org.apache.catalina.startup.VersionLoggerListener.log 명령 행 아규먼트:  -Djava.io.tmpdir=C:\jspNotice\apache-tomcat-8.5.64\temp
18-Mar-2021 11:12:36.808 정보 [main] org.apache.catalina.core.AprLifecycleListener.lifecycleEvent APR 버전 [1.7.0]을(를) 사용한, APR 기반 Apache Tomcat Native 라이브러리 [1.2.26]을(를) 로드했습니다.
18-Mar-2021 11:12:36.809 정보 [main] org.apache.catalina.core.AprLifecycleListener.lifecycleEvent APR 용량정보들: IPv6 [true], sendfile [true], accept filters [false], random [true].
18-Mar-2021 11:12:36.810 정보 [main] org.apache.catalina.core.AprLifecycleListener.lifecycleEvent APR/OpenSSL 설정: useAprConnector [false], useOpenSSL [true]
18-Mar-2021 11:12:36.816 정보 [main] org.apache.catalina.core.AprLifecycleListener.initializeSSL OpenSSL이 성공적으로 초기화되었습니다: [OpenSSL 1.1.1i  8 Dec 2020]
18-Mar-2021 11:12:36.891 정보 [main] org.apache.coyote.AbstractProtocol.init 프로토콜 핸들러 ["http-nio-8080"]을(를) 초기화합니다.
18-Mar-2021 11:12:36.902 심각 [main] org.apache.catalina.core.StandardService.initInternal Failed to initialize connector [Connector[HTTP/1.1-8080]]
	org.apache.catalina.LifecycleException: 프로토콜 핸들러 초기화가 실패했습니다.
		at org.apache.catalina.connector.Connector.initInternal(Connector.java:1077)
		at org.apache.catalina.util.LifecycleBase.init(LifecycleBase.java:136)
		at org.apache.catalina.core.StandardService.initInternal(StandardService.java:552)
		at org.apache.catalina.util.LifecycleBase.init(LifecycleBase.java:136)
		at org.apache.catalina.core.StandardServer.initInternal(StandardServer.java:846)
		at org.apache.catalina.util.LifecycleBase.init(LifecycleBase.java:136)
		at org.apache.catalina.startup.Catalina.load(Catalina.java:639)
		at org.apache.catalina.startup.Catalina.load(Catalina.java:662)
		at sun.reflect.NativeMethodAccessorImpl.invoke0(Native Method)
		at sun.reflect.NativeMethodAccessorImpl.invoke(NativeMethodAccessorImpl.java:62)
		at sun.reflect.DelegatingMethodAccessorImpl.invoke(DelegatingMethodAccessorImpl.java:43)
		at java.lang.reflect.Method.invoke(Method.java:498)
		at org.apache.catalina.startup.Bootstrap.load(Bootstrap.java:302)
		at org.apache.catalina.startup.Bootstrap.main(Bootstrap.java:472)
	Caused by: java.net.BindException: Address already in use: bind
		at sun.nio.ch.Net.bind0(Native Method)
		at sun.nio.ch.Net.bind(Net.java:461)
		at sun.nio.ch.Net.bind(Net.java:453)
		at sun.nio.ch.ServerSocketChannelImpl.bind(ServerSocketChannelImpl.java:222)
		at sun.nio.ch.ServerSocketAdaptor.bind(ServerSocketAdaptor.java:85)
		at org.apache.tomcat.util.net.NioEndpoint.bind(NioEndpoint.java:222)
		at org.apache.tomcat.util.net.AbstractEndpoint.init(AbstractEndpoint.java:1143)
		at org.apache.tomcat.util.net.AbstractJsseEndpoint.init(AbstractJsseEndpoint.java:222)
		at org.apache.coyote.AbstractProtocol.init(AbstractProtocol.java:599)
		at org.apache.coyote.http11.AbstractHttp11Protocol.init(AbstractHttp11Protocol.java:80)
		at org.apache.catalina.connector.Connector.initInternal(Connector.java:1075)
		... 13 more
18-Mar-2021 11:12:36.906 정보 [main] org.apache.catalina.startup.Catalina.load Initialization processed in 469 ms
18-Mar-2021 11:12:36.932 정보 [main] org.apache.catalina.core.StandardService.startInternal 서비스 [Catalina]을(를) 시작합니다.
18-Mar-2021 11:12:36.934 정보 [main] org.apache.catalina.core.StandardEngine.startInternal Starting Servlet Engine: Apache Tomcat/8.5.64
18-Mar-2021 11:12:36.945 정보 [localhost-startStop-1] org.apache.catalina.startup.HostConfig.deployDirectory 웹 애플리케이션 디렉토리 [C:\jspNotice\apache-tomcat-8.5.64\webapps\docs]을(를) 배치합니다.
18-Mar-2021 11:12:37.273 정보 [localhost-startStop-1] org.apache.catalina.startup.HostConfig.deployDirectory 웹 애플리케이션 디렉토리 [C:\jspNotice\apache-tomcat-8.5.64\webapps\docs]에 대한 배치가 [328] 밀리초에 완료되었습니다.
18-Mar-2021 11:12:37.275 정보 [localhost-startStop-1] org.apache.catalina.startup.HostConfig.deployDirectory 웹 애플리케이션 디렉토리 [C:\jspNotice\apache-tomcat-8.5.64\webapps\examples]을(를) 배치합니다.
18-Mar-2021 11:12:37.675 정보 [localhost-startStop-1] org.apache.catalina.startup.HostConfig.deployDirectory 웹 애플리케이션 디렉토리 [C:\jspNotice\apache-tomcat-8.5.64\webapps\examples]에 대한 배치가 [400] 밀리초에 완료되었습니다.
18-Mar-2021 11:12:37.677 정보 [localhost-startStop-1] org.apache.catalina.startup.HostConfig.deployDirectory 웹 애플리케이션 디렉토리 [C:\jspNotice\apache-tomcat-8.5.64\webapps\host-manager]을(를) 배치합니다.
18-Mar-2021 11:12:37.709 정보 [localhost-startStop-1] org.apache.catalina.startup.HostConfig.deployDirectory 웹 애플리케이션 디렉토리 [C:\jspNotice\apache-tomcat-8.5.64\webapps\host-manager]에 대한 배치가 [32] 밀리초에 완료되었습니다.
18-Mar-2021 11:12:37.711 정보 [localhost-startStop-1] org.apache.catalina.startup.HostConfig.deployDirectory 웹 애플리케이션 디렉토리 [C:\jspNotice\apache-tomcat-8.5.64\webapps\manager]을(를) 배치합니다.
18-Mar-2021 11:12:37.738 정보 [localhost-startStop-1] org.apache.catalina.startup.HostConfig.deployDirectory 웹 애플리케이션 디렉토리 [C:\jspNotice\apache-tomcat-8.5.64\webapps\manager]에 대한 배치가 [27] 밀리초에 완료되었습니다.
18-Mar-2021 11:12:37.741 정보 [localhost-startStop-1] org.apache.catalina.startup.HostConfig.deployDirectory 웹 애플리케이션 디렉토리 [C:\jspNotice\apache-tomcat-8.5.64\webapps\ROOT]을(를) 배치합니다.
18-Mar-2021 11:12:37.763 정보 [localhost-startStop-1] org.apache.catalina.startup.HostConfig.deployDirectory 웹 애플리케이션 디렉토리 [C:\jspNotice\apache-tomcat-8.5.64\webapps\ROOT]에 대한 배치가 [21] 밀리초에 완료되었습니다.
18-Mar-2021 11:12:37.766 정보 [main] org.apache.catalina.startup.Catalina.start Server startup in 859 ms
18-Mar-2021 11:12:37.771 심각 [main] org.apache.catalina.core.StandardServer.await StandardServer.await: create[localhost:8080]: 
	java.net.BindException: Address already in use: JVM_Bind
		at java.net.DualStackPlainSocketImpl.bind0(Native Method)
		at java.net.DualStackPlainSocketImpl.socketBind(DualStackPlainSocketImpl.java:106)
		at java.net.AbstractPlainSocketImpl.bind(AbstractPlainSocketImpl.java:387)
		at java.net.PlainSocketImpl.bind(PlainSocketImpl.java:190)
		at java.net.ServerSocket.bind(ServerSocket.java:390)
		at java.net.ServerSocket.<init>(ServerSocket.java:252)
		at org.apache.catalina.core.StandardServer.await(StandardServer.java:421)
		at org.apache.catalina.startup.Catalina.await(Catalina.java:776)
		at org.apache.catalina.startup.Catalina.start(Catalina.java:722)
		at sun.reflect.NativeMethodAccessorImpl.invoke0(Native Method)
		at sun.reflect.NativeMethodAccessorImpl.invoke(NativeMethodAccessorImpl.java:62)
		at sun.reflect.DelegatingMethodAccessorImpl.invoke(DelegatingMethodAccessorImpl.java:43)
		at java.lang.reflect.Method.invoke(Method.java:498)
		at org.apache.catalina.startup.Bootstrap.start(Bootstrap.java:342)
		at org.apache.catalina.startup.Bootstrap.main(Bootstrap.java:473)
18-Mar-2021 11:12:37.773 정보 [main] org.apache.coyote.AbstractProtocol.pause 프로토콜 핸들러 ["http-nio-8080"]을(를) 일시 정지 중
18-Mar-2021 11:12:37.774 정보 [main] org.apache.catalina.core.StandardService.stopInternal 서비스 [Catalina]을(를) 중지시킵니다.
18-Mar-2021 11:12:37.791 정보 [main] org.apache.coyote.AbstractProtocol.stop 프로토콜 핸들러 ["http-nio-8080"]을(를) 중지시킵니다.
18-Mar-2021 11:12:37.793 정보 [main] org.apache.coyote.AbstractProtocol.destroy 프로토콜 핸들러 ["http-nio-8080"]을(를) 소멸시킵니다.
18-Mar-2021 11:12:53.286 정보 [main] org.apache.catalina.startup.VersionLoggerListener.log 서버 버전 이름:    Apache Tomcat/8.5.64
18-Mar-2021 11:12:53.290 정보 [main] org.apache.catalina.startup.VersionLoggerListener.log Server 빌드 시각:  Mar 4 2021 23:14:16 UTC
18-Mar-2021 11:12:53.291 정보 [main] org.apache.catalina.startup.VersionLoggerListener.log Server 버전 번호:  8.5.64.0
18-Mar-2021 11:12:53.291 정보 [main] org.apache.catalina.startup.VersionLoggerListener.log 운영체제 이름:     Windows 10
18-Mar-2021 11:12:53.291 정보 [main] org.apache.catalina.startup.VersionLoggerListener.log 운영체제 버전:     10.0
18-Mar-2021 11:12:53.291 정보 [main] org.apache.catalina.startup.VersionLoggerListener.log 아키텍처:          amd64
18-Mar-2021 11:12:53.291 정보 [main] org.apache.catalina.startup.VersionLoggerListener.log 자바 홈:           C:\Program Files\ojdkbuild\java-1.8.0-openjdk-1.8.0.282-1\jre
18-Mar-2021 11:12:53.292 정보 [main] org.apache.catalina.startup.VersionLoggerListener.log JVM 버전:          1.8.0_282-b08
18-Mar-2021 11:12:53.292 정보 [main] org.apache.catalina.startup.VersionLoggerListener.log JVM 벤더:          ojdkbuild
18-Mar-2021 11:12:53.292 정보 [main] org.apache.catalina.startup.VersionLoggerListener.log CATALINA_BASE:     C:\jspNotice\apache-tomcat-8.5.64
18-Mar-2021 11:12:53.292 정보 [main] org.apache.catalina.startup.VersionLoggerListener.log CATALINA_HOME:     C:\jspNotice\apache-tomcat-8.5.64
18-Mar-2021 11:12:53.292 정보 [main] org.apache.catalina.startup.VersionLoggerListener.log 명령 행 아규먼트:  -Djava.util.logging.config.file=C:\jspNotice\apache-tomcat-8.5.64\conf\logging.properties
18-Mar-2021 11:12:53.293 정보 [main] org.apache.catalina.startup.VersionLoggerListener.log 명령 행 아규먼트:  -Djava.util.logging.manager=org.apache.juli.ClassLoaderLogManager
18-Mar-2021 11:12:53.294 정보 [main] org.apache.catalina.startup.VersionLoggerListener.log 명령 행 아규먼트:  -Djdk.tls.ephemeralDHKeySize=2048
18-Mar-2021 11:12:53.294 정보 [main] org.apache.catalina.startup.VersionLoggerListener.log 명령 행 아규먼트:  -Djava.protocol.handler.pkgs=org.apache.catalina.webresources
18-Mar-2021 11:12:53.295 정보 [main] org.apache.catalina.startup.VersionLoggerListener.log 명령 행 아규먼트:  -Dignore.endorsed.dirs=
18-Mar-2021 11:12:53.296 정보 [main] org.apache.catalina.startup.VersionLoggerListener.log 명령 행 아규먼트:  -Dcatalina.base=C:\jspNotice\apache-tomcat-8.5.64
18-Mar-2021 11:12:53.297 정보 [main] org.apache.catalina.startup.VersionLoggerListener.log 명령 행 아규먼트:  -Dcatalina.home=C:\jspNotice\apache-tomcat-8.5.64
18-Mar-2021 11:12:53.297 정보 [main] org.apache.catalina.startup.VersionLoggerListener.log 명령 행 아규먼트:  -Djava.io.tmpdir=C:\jspNotice\apache-tomcat-8.5.64\temp
18-Mar-2021 11:12:53.298 정보 [main] org.apache.catalina.core.AprLifecycleListener.lifecycleEvent APR 버전 [1.7.0]을(를) 사용한, APR 기반 Apache Tomcat Native 라이브러리 [1.2.26]을(를) 로드했습니다.
18-Mar-2021 11:12:53.299 정보 [main] org.apache.catalina.core.AprLifecycleListener.lifecycleEvent APR 용량정보들: IPv6 [true], sendfile [true], accept filters [false], random [true].
18-Mar-2021 11:12:53.299 정보 [main] org.apache.catalina.core.AprLifecycleListener.lifecycleEvent APR/OpenSSL 설정: useAprConnector [false], useOpenSSL [true]
18-Mar-2021 11:12:53.307 정보 [main] org.apache.catalina.core.AprLifecycleListener.initializeSSL OpenSSL이 성공적으로 초기화되었습니다: [OpenSSL 1.1.1i  8 Dec 2020]
18-Mar-2021 11:12:53.380 정보 [main] org.apache.coyote.AbstractProtocol.init 프로토콜 핸들러 ["http-nio-8080"]을(를) 초기화합니다.
18-Mar-2021 11:12:53.411 심각 [main] org.apache.catalina.core.StandardService.initInternal Failed to initialize connector [Connector[HTTP/1.1-8080]]
	org.apache.catalina.LifecycleException: 프로토콜 핸들러 초기화가 실패했습니다.
		at org.apache.catalina.connector.Connector.initInternal(Connector.java:1077)
		at org.apache.catalina.util.LifecycleBase.init(LifecycleBase.java:136)
		at org.apache.catalina.core.StandardService.initInternal(StandardService.java:552)
		at org.apache.catalina.util.LifecycleBase.init(LifecycleBase.java:136)
		at org.apache.catalina.core.StandardServer.initInternal(StandardServer.java:846)
		at org.apache.catalina.util.LifecycleBase.init(LifecycleBase.java:136)
		at org.apache.catalina.startup.Catalina.load(Catalina.java:639)
		at org.apache.catalina.startup.Catalina.load(Catalina.java:662)
		at sun.reflect.NativeMethodAccessorImpl.invoke0(Native Method)
		at sun.reflect.NativeMethodAccessorImpl.invoke(NativeMethodAccessorImpl.java:62)
		at sun.reflect.DelegatingMethodAccessorImpl.invoke(DelegatingMethodAccessorImpl.java:43)
		at java.lang.reflect.Method.invoke(Method.java:498)
		at org.apache.catalina.startup.Bootstrap.load(Bootstrap.java:302)
		at org.apache.catalina.startup.Bootstrap.main(Bootstrap.java:472)
	Caused by: java.net.BindException: Address already in use: bind
		at sun.nio.ch.Net.bind0(Native Method)
		at sun.nio.ch.Net.bind(Net.java:461)
		at sun.nio.ch.Net.bind(Net.java:453)
		at sun.nio.ch.ServerSocketChannelImpl.bind(ServerSocketChannelImpl.java:222)
		at sun.nio.ch.ServerSocketAdaptor.bind(ServerSocketAdaptor.java:85)
		at org.apache.tomcat.util.net.NioEndpoint.bind(NioEndpoint.java:222)
		at org.apache.tomcat.util.net.AbstractEndpoint.init(AbstractEndpoint.java:1143)
		at org.apache.tomcat.util.net.AbstractJsseEndpoint.init(AbstractJsseEndpoint.java:222)
		at org.apache.coyote.AbstractProtocol.init(AbstractProtocol.java:599)
		at org.apache.coyote.http11.AbstractHttp11Protocol.init(AbstractHttp11Protocol.java:80)
		at org.apache.catalina.connector.Connector.initInternal(Connector.java:1075)
		... 13 more
18-Mar-2021 11:12:53.414 정보 [main] org.apache.catalina.startup.Catalina.load Initialization processed in 471 ms
18-Mar-2021 11:12:53.446 정보 [main] org.apache.catalina.core.StandardService.startInternal 서비스 [Catalina]을(를) 시작합니다.
18-Mar-2021 11:12:53.449 정보 [main] org.apache.catalina.core.StandardEngine.startInternal Starting Servlet Engine: Apache Tomcat/8.5.64
18-Mar-2021 11:12:53.460 정보 [localhost-startStop-1] org.apache.catalina.startup.HostConfig.deployDirectory 웹 애플리케이션 디렉토리 [C:\jspNotice\apache-tomcat-8.5.64\webapps\docs]을(를) 배치합니다.
18-Mar-2021 11:12:53.778 정보 [localhost-startStop-1] org.apache.catalina.startup.HostConfig.deployDirectory 웹 애플리케이션 디렉토리 [C:\jspNotice\apache-tomcat-8.5.64\webapps\docs]에 대한 배치가 [316] 밀리초에 완료되었습니다.
18-Mar-2021 11:12:53.781 정보 [localhost-startStop-1] org.apache.catalina.startup.HostConfig.deployDirectory 웹 애플리케이션 디렉토리 [C:\jspNotice\apache-tomcat-8.5.64\webapps\examples]을(를) 배치합니다.
18-Mar-2021 11:12:54.186 정보 [localhost-startStop-1] org.apache.catalina.startup.HostConfig.deployDirectory 웹 애플리케이션 디렉토리 [C:\jspNotice\apache-tomcat-8.5.64\webapps\examples]에 대한 배치가 [405] 밀리초에 완료되었습니다.
18-Mar-2021 11:12:54.188 정보 [localhost-startStop-1] org.apache.catalina.startup.HostConfig.deployDirectory 웹 애플리케이션 디렉토리 [C:\jspNotice\apache-tomcat-8.5.64\webapps\host-manager]을(를) 배치합니다.
18-Mar-2021 11:12:54.217 정보 [localhost-startStop-1] org.apache.catalina.startup.HostConfig.deployDirectory 웹 애플리케이션 디렉토리 [C:\jspNotice\apache-tomcat-8.5.64\webapps\host-manager]에 대한 배치가 [29] 밀리초에 완료되었습니다.
18-Mar-2021 11:12:54.218 정보 [localhost-startStop-1] org.apache.catalina.startup.HostConfig.deployDirectory 웹 애플리케이션 디렉토리 [C:\jspNotice\apache-tomcat-8.5.64\webapps\manager]을(를) 배치합니다.
18-Mar-2021 11:12:54.244 정보 [localhost-startStop-1] org.apache.catalina.startup.HostConfig.deployDirectory 웹 애플리케이션 디렉토리 [C:\jspNotice\apache-tomcat-8.5.64\webapps\manager]에 대한 배치가 [26] 밀리초에 완료되었습니다.
18-Mar-2021 11:12:54.246 정보 [localhost-startStop-1] org.apache.catalina.startup.HostConfig.deployDirectory 웹 애플리케이션 디렉토리 [C:\jspNotice\apache-tomcat-8.5.64\webapps\ROOT]을(를) 배치합니다.
18-Mar-2021 11:12:54.269 정보 [localhost-startStop-1] org.apache.catalina.startup.HostConfig.deployDirectory 웹 애플리케이션 디렉토리 [C:\jspNotice\apache-tomcat-8.5.64\webapps\ROOT]에 대한 배치가 [23] 밀리초에 완료되었습니다.
18-Mar-2021 11:12:54.272 정보 [main] org.apache.catalina.startup.Catalina.start Server startup in 856 ms
18-Mar-2021 11:12:54.277 심각 [main] org.apache.catalina.core.StandardServer.await StandardServer.await: create[localhost:8080]: 
	java.net.BindException: Address already in use: JVM_Bind
		at java.net.DualStackPlainSocketImpl.bind0(Native Method)
		at java.net.DualStackPlainSocketImpl.socketBind(DualStackPlainSocketImpl.java:106)
		at java.net.AbstractPlainSocketImpl.bind(AbstractPlainSocketImpl.java:387)
		at java.net.PlainSocketImpl.bind(PlainSocketImpl.java:190)
		at java.net.ServerSocket.bind(ServerSocket.java:390)
		at java.net.ServerSocket.<init>(ServerSocket.java:252)
		at org.apache.catalina.core.StandardServer.await(StandardServer.java:421)
		at org.apache.catalina.startup.Catalina.await(Catalina.java:776)
		at org.apache.catalina.startup.Catalina.start(Catalina.java:722)
		at sun.reflect.NativeMethodAccessorImpl.invoke0(Native Method)
		at sun.reflect.NativeMethodAccessorImpl.invoke(NativeMethodAccessorImpl.java:62)
		at sun.reflect.DelegatingMethodAccessorImpl.invoke(DelegatingMethodAccessorImpl.java:43)
		at java.lang.reflect.Method.invoke(Method.java:498)
		at org.apache.catalina.startup.Bootstrap.start(Bootstrap.java:342)
		at org.apache.catalina.startup.Bootstrap.main(Bootstrap.java:473)
18-Mar-2021 11:12:54.278 정보 [main] org.apache.coyote.AbstractProtocol.pause 프로토콜 핸들러 ["http-nio-8080"]을(를) 일시 정지 중
18-Mar-2021 11:12:54.279 정보 [main] org.apache.catalina.core.StandardService.stopInternal 서비스 [Catalina]을(를) 중지시킵니다.
18-Mar-2021 11:12:54.294 정보 [main] org.apache.coyote.AbstractProtocol.stop 프로토콜 핸들러 ["http-nio-8080"]을(를) 중지시킵니다.
18-Mar-2021 11:12:54.295 정보 [main] org.apache.coyote.AbstractProtocol.destroy 프로토콜 핸들러 ["http-nio-8080"]을(를) 소멸시킵니다.
18-Mar-2021 11:20:11.051 정보 [main] org.apache.catalina.startup.VersionLoggerListener.log 서버 버전 이름:    Apache Tomcat/8.5.64
18-Mar-2021 11:20:11.057 정보 [main] org.apache.catalina.startup.VersionLoggerListener.log Server 빌드 시각:  Mar 4 2021 23:14:16 UTC
18-Mar-2021 11:20:11.057 정보 [main] org.apache.catalina.startup.VersionLoggerListener.log Server 버전 번호:  8.5.64.0
18-Mar-2021 11:20:11.057 정보 [main] org.apache.catalina.startup.VersionLoggerListener.log 운영체제 이름:     Windows 10
18-Mar-2021 11:20:11.057 정보 [main] org.apache.catalina.startup.VersionLoggerListener.log 운영체제 버전:     10.0
18-Mar-2021 11:20:11.058 정보 [main] org.apache.catalina.startup.VersionLoggerListener.log 아키텍처:          amd64
18-Mar-2021 11:20:11.058 정보 [main] org.apache.catalina.startup.VersionLoggerListener.log 자바 홈:           C:\Program Files\ojdkbuild\java-1.8.0-openjdk-1.8.0.282-1\jre
18-Mar-2021 11:20:11.058 정보 [main] org.apache.catalina.startup.VersionLoggerListener.log JVM 버전:          1.8.0_282-b08
18-Mar-2021 11:20:11.058 정보 [main] org.apache.catalina.startup.VersionLoggerListener.log JVM 벤더:          ojdkbuild
18-Mar-2021 11:20:11.058 정보 [main] org.apache.catalina.startup.VersionLoggerListener.log CATALINA_BASE:     C:\jspNotice\apache-tomcat-8.5.64
18-Mar-2021 11:20:11.058 정보 [main] org.apache.catalina.startup.VersionLoggerListener.log CATALINA_HOME:     C:\jspNotice\apache-tomcat-8.5.64
18-Mar-2021 11:20:11.059 정보 [main] org.apache.catalina.startup.VersionLoggerListener.log 명령 행 아규먼트:  -Djava.util.logging.config.file=C:\jspNotice\apache-tomcat-8.5.64\conf\logging.properties
18-Mar-2021 11:20:11.060 정보 [main] org.apache.catalina.startup.VersionLoggerListener.log 명령 행 아규먼트:  -Djava.util.logging.manager=org.apache.juli.ClassLoaderLogManager
18-Mar-2021 11:20:11.061 정보 [main] org.apache.catalina.startup.VersionLoggerListener.log 명령 행 아규먼트:  -Djdk.tls.ephemeralDHKeySize=2048
18-Mar-2021 11:20:11.062 정보 [main] org.apache.catalina.startup.VersionLoggerListener.log 명령 행 아규먼트:  -Djava.protocol.handler.pkgs=org.apache.catalina.webresources
18-Mar-2021 11:20:11.064 정보 [main] org.apache.catalina.startup.VersionLoggerListener.log 명령 행 아규먼트:  -Dignore.endorsed.dirs=
18-Mar-2021 11:20:11.065 정보 [main] org.apache.catalina.startup.VersionLoggerListener.log 명령 행 아규먼트:  -Dcatalina.base=C:\jspNotice\apache-tomcat-8.5.64
18-Mar-2021 11:20:11.066 정보 [main] org.apache.catalina.startup.VersionLoggerListener.log 명령 행 아규먼트:  -Dcatalina.home=C:\jspNotice\apache-tomcat-8.5.64
18-Mar-2021 11:20:11.067 정보 [main] org.apache.catalina.startup.VersionLoggerListener.log 명령 행 아규먼트:  -Djava.io.tmpdir=C:\jspNotice\apache-tomcat-8.5.64\temp
18-Mar-2021 11:20:11.068 정보 [main] org.apache.catalina.core.AprLifecycleListener.lifecycleEvent APR 버전 [1.7.0]을(를) 사용한, APR 기반 Apache Tomcat Native 라이브러리 [1.2.26]을(를) 로드했습니다.
18-Mar-2021 11:20:11.069 정보 [main] org.apache.catalina.core.AprLifecycleListener.lifecycleEvent APR 용량정보들: IPv6 [true], sendfile [true], accept filters [false], random [true].
18-Mar-2021 11:20:11.070 정보 [main] org.apache.catalina.core.AprLifecycleListener.lifecycleEvent APR/OpenSSL 설정: useAprConnector [false], useOpenSSL [true]
18-Mar-2021 11:20:11.077 정보 [main] org.apache.catalina.core.AprLifecycleListener.initializeSSL OpenSSL이 성공적으로 초기화되었습니다: [OpenSSL 1.1.1i  8 Dec 2020]
18-Mar-2021 11:20:11.157 정보 [main] org.apache.coyote.AbstractProtocol.init 프로토콜 핸들러 ["http-nio-8080"]을(를) 초기화합니다.
18-Mar-2021 11:20:11.347 정보 [main] org.apache.tomcat.util.net.NioSelectorPool.getSharedSelector Using a shared selector for servlet write/read
18-Mar-2021 11:20:11.357 정보 [main] org.apache.catalina.startup.Catalina.load Initialization processed in 663 ms
18-Mar-2021 11:20:11.396 정보 [main] org.apache.catalina.core.StandardService.startInternal 서비스 [Catalina]을(를) 시작합니다.
18-Mar-2021 11:20:11.398 정보 [main] org.apache.catalina.core.StandardEngine.startInternal Starting Servlet Engine: Apache Tomcat/8.5.64
18-Mar-2021 11:20:11.415 정보 [localhost-startStop-1] org.apache.catalina.startup.HostConfig.deployDirectory 웹 애플리케이션 디렉토리 [C:\jspNotice\apache-tomcat-8.5.64\webapps\docs]을(를) 배치합니다.
18-Mar-2021 11:20:11.700 정보 [localhost-startStop-1] org.apache.catalina.startup.HostConfig.deployDirectory 웹 애플리케이션 디렉토리 [C:\jspNotice\apache-tomcat-8.5.64\webapps\docs]에 대한 배치가 [286] 밀리초에 완료되었습니다.
18-Mar-2021 11:20:11.702 정보 [localhost-startStop-1] org.apache.catalina.startup.HostConfig.deployDirectory 웹 애플리케이션 디렉토리 [C:\jspNotice\apache-tomcat-8.5.64\webapps\examples]을(를) 배치합니다.
18-Mar-2021 11:20:12.289 정보 [localhost-startStop-1] org.apache.catalina.startup.HostConfig.deployDirectory 웹 애플리케이션 디렉토리 [C:\jspNotice\apache-tomcat-8.5.64\webapps\examples]에 대한 배치가 [587] 밀리초에 완료되었습니다.
18-Mar-2021 11:20:12.292 정보 [localhost-startStop-1] org.apache.catalina.startup.HostConfig.deployDirectory 웹 애플리케이션 디렉토리 [C:\jspNotice\apache-tomcat-8.5.64\webapps\host-manager]을(를) 배치합니다.
18-Mar-2021 11:20:12.328 정보 [localhost-startStop-1] org.apache.catalina.startup.HostConfig.deployDirectory 웹 애플리케이션 디렉토리 [C:\jspNotice\apache-tomcat-8.5.64\webapps\host-manager]에 대한 배치가 [37] 밀리초에 완료되었습니다.
18-Mar-2021 11:20:12.330 정보 [localhost-startStop-1] org.apache.catalina.startup.HostConfig.deployDirectory 웹 애플리케이션 디렉토리 [C:\jspNotice\apache-tomcat-8.5.64\webapps\manager]을(를) 배치합니다.
18-Mar-2021 11:20:12.364 정보 [localhost-startStop-1] org.apache.catalina.startup.HostConfig.deployDirectory 웹 애플리케이션 디렉토리 [C:\jspNotice\apache-tomcat-8.5.64\webapps\manager]에 대한 배치가 [34] 밀리초에 완료되었습니다.
18-Mar-2021 11:20:12.368 정보 [localhost-startStop-1] org.apache.catalina.startup.HostConfig.deployDirectory 웹 애플리케이션 디렉토리 [C:\jspNotice\apache-tomcat-8.5.64\webapps\ROOT]을(를) 배치합니다.
18-Mar-2021 11:20:12.392 정보 [localhost-startStop-1] org.apache.catalina.startup.HostConfig.deployDirectory 웹 애플리케이션 디렉토리 [C:\jspNotice\apache-tomcat-8.5.64\webapps\ROOT]에 대한 배치가 [24] 밀리초에 완료되었습니다.
18-Mar-2021 11:20:12.398 정보 [main] org.apache.coyote.AbstractProtocol.start 프로토콜 핸들러 ["http-nio-8080"]을(를) 시작합니다.
18-Mar-2021 11:20:12.408 정보 [main] org.apache.catalina.startup.Catalina.start Server startup in 1049 ms
18-Mar-2021 11:20:12.414 심각 [main] org.apache.catalina.core.StandardServer.await StandardServer.await: create[localhost:8080]: 
	java.net.BindException: Address already in use: JVM_Bind
		at java.net.DualStackPlainSocketImpl.bind0(Native Method)
		at java.net.DualStackPlainSocketImpl.socketBind(DualStackPlainSocketImpl.java:106)
		at java.net.AbstractPlainSocketImpl.bind(AbstractPlainSocketImpl.java:387)
		at java.net.PlainSocketImpl.bind(PlainSocketImpl.java:190)
		at java.net.ServerSocket.bind(ServerSocket.java:390)
		at java.net.ServerSocket.<init>(ServerSocket.java:252)
		at org.apache.catalina.core.StandardServer.await(StandardServer.java:421)
		at org.apache.catalina.startup.Catalina.await(Catalina.java:776)
		at org.apache.catalina.startup.Catalina.start(Catalina.java:722)
		at sun.reflect.NativeMethodAccessorImpl.invoke0(Native Method)
		at sun.reflect.NativeMethodAccessorImpl.invoke(NativeMethodAccessorImpl.java:62)
		at sun.reflect.DelegatingMethodAccessorImpl.invoke(DelegatingMethodAccessorImpl.java:43)
		at java.lang.reflect.Method.invoke(Method.java:498)
		at org.apache.catalina.startup.Bootstrap.start(Bootstrap.java:342)
		at org.apache.catalina.startup.Bootstrap.main(Bootstrap.java:473)
18-Mar-2021 11:20:12.418 정보 [main] org.apache.coyote.AbstractProtocol.pause 프로토콜 핸들러 ["http-nio-8080"]을(를) 일시 정지 중
18-Mar-2021 11:20:12.489 정보 [main] org.apache.catalina.core.StandardService.stopInternal 서비스 [Catalina]을(를) 중지시킵니다.
18-Mar-2021 11:20:12.506 정보 [main] org.apache.coyote.AbstractProtocol.stop 프로토콜 핸들러 ["http-nio-8080"]을(를) 중지시킵니다.
18-Mar-2021 11:20:12.511 정보 [main] org.apache.coyote.AbstractProtocol.destroy 프로토콜 핸들러 ["http-nio-8080"]을(를) 소멸시킵니다.
18-Mar-2021 11:20:24.814 정보 [main] org.apache.catalina.startup.VersionLoggerListener.log 서버 버전 이름:    Apache Tomcat/8.5.64
18-Mar-2021 11:20:24.820 정보 [main] org.apache.catalina.startup.VersionLoggerListener.log Server 빌드 시각:  Mar 4 2021 23:14:16 UTC
18-Mar-2021 11:20:24.821 정보 [main] org.apache.catalina.startup.VersionLoggerListener.log Server 버전 번호:  8.5.64.0
18-Mar-2021 11:20:24.821 정보 [main] org.apache.catalina.startup.VersionLoggerListener.log 운영체제 이름:     Windows 10
18-Mar-2021 11:20:24.821 정보 [main] org.apache.catalina.startup.VersionLoggerListener.log 운영체제 버전:     10.0
18-Mar-2021 11:20:24.821 정보 [main] org.apache.catalina.startup.VersionLoggerListener.log 아키텍처:          amd64
18-Mar-2021 11:20:24.821 정보 [main] org.apache.catalina.startup.VersionLoggerListener.log 자바 홈:           C:\Program Files\ojdkbuild\java-1.8.0-openjdk-1.8.0.282-1\jre
18-Mar-2021 11:20:24.822 정보 [main] org.apache.catalina.startup.VersionLoggerListener.log JVM 버전:          1.8.0_282-b08
18-Mar-2021 11:20:24.822 정보 [main] org.apache.catalina.startup.VersionLoggerListener.log JVM 벤더:          ojdkbuild
18-Mar-2021 11:20:24.822 정보 [main] org.apache.catalina.startup.VersionLoggerListener.log CATALINA_BASE:     C:\jspNotice\apache-tomcat-8.5.64
18-Mar-2021 11:20:24.822 정보 [main] org.apache.catalina.startup.VersionLoggerListener.log CATALINA_HOME:     C:\jspNotice\apache-tomcat-8.5.64
18-Mar-2021 11:20:24.823 정보 [main] org.apache.catalina.startup.VersionLoggerListener.log 명령 행 아규먼트:  -Djava.util.logging.config.file=C:\jspNotice\apache-tomcat-8.5.64\conf\logging.properties
18-Mar-2021 11:20:24.824 정보 [main] org.apache.catalina.startup.VersionLoggerListener.log 명령 행 아규먼트:  -Djava.util.logging.manager=org.apache.juli.ClassLoaderLogManager
18-Mar-2021 11:20:24.825 정보 [main] org.apache.catalina.startup.VersionLoggerListener.log 명령 행 아규먼트:  -Djdk.tls.ephemeralDHKeySize=2048
18-Mar-2021 11:20:24.826 정보 [main] org.apache.catalina.startup.VersionLoggerListener.log 명령 행 아규먼트:  -Djava.protocol.handler.pkgs=org.apache.catalina.webresources
18-Mar-2021 11:20:24.827 정보 [main] org.apache.catalina.startup.VersionLoggerListener.log 명령 행 아규먼트:  -Dignore.endorsed.dirs=
18-Mar-2021 11:20:24.828 정보 [main] org.apache.catalina.startup.VersionLoggerListener.log 명령 행 아규먼트:  -Dcatalina.base=C:\jspNotice\apache-tomcat-8.5.64
18-Mar-2021 11:20:24.829 정보 [main] org.apache.catalina.startup.VersionLoggerListener.log 명령 행 아규먼트:  -Dcatalina.home=C:\jspNotice\apache-tomcat-8.5.64
18-Mar-2021 11:20:24.830 정보 [main] org.apache.catalina.startup.VersionLoggerListener.log 명령 행 아규먼트:  -Djava.io.tmpdir=C:\jspNotice\apache-tomcat-8.5.64\temp
18-Mar-2021 11:20:24.831 정보 [main] org.apache.catalina.core.AprLifecycleListener.lifecycleEvent APR 버전 [1.7.0]을(를) 사용한, APR 기반 Apache Tomcat Native 라이브러리 [1.2.26]을(를) 로드했습니다.
18-Mar-2021 11:20:24.834 정보 [main] org.apache.catalina.core.AprLifecycleListener.lifecycleEvent APR 용량정보들: IPv6 [true], sendfile [true], accept filters [false], random [true].
18-Mar-2021 11:20:24.836 정보 [main] org.apache.catalina.core.AprLifecycleListener.lifecycleEvent APR/OpenSSL 설정: useAprConnector [false], useOpenSSL [true]
18-Mar-2021 11:20:24.844 정보 [main] org.apache.catalina.core.AprLifecycleListener.initializeSSL OpenSSL이 성공적으로 초기화되었습니다: [OpenSSL 1.1.1i  8 Dec 2020]
18-Mar-2021 11:20:24.956 정보 [main] org.apache.coyote.AbstractProtocol.init 프로토콜 핸들러 ["http-nio-8080"]을(를) 초기화합니다.
18-Mar-2021 11:20:25.117 정보 [main] org.apache.tomcat.util.net.NioSelectorPool.getSharedSelector Using a shared selector for servlet write/read
18-Mar-2021 11:20:25.128 정보 [main] org.apache.catalina.startup.Catalina.load Initialization processed in 699 ms
18-Mar-2021 11:20:25.161 정보 [main] org.apache.catalina.core.StandardService.startInternal 서비스 [Catalina]을(를) 시작합니다.
18-Mar-2021 11:20:25.163 정보 [main] org.apache.catalina.core.StandardEngine.startInternal Starting Servlet Engine: Apache Tomcat/8.5.64
18-Mar-2021 11:20:25.174 정보 [localhost-startStop-1] org.apache.catalina.startup.HostConfig.deployDirectory 웹 애플리케이션 디렉토리 [C:\jspNotice\apache-tomcat-8.5.64\webapps\docs]을(를) 배치합니다.
18-Mar-2021 11:20:25.449 정보 [localhost-startStop-1] org.apache.catalina.startup.HostConfig.deployDirectory 웹 애플리케이션 디렉토리 [C:\jspNotice\apache-tomcat-8.5.64\webapps\docs]에 대한 배치가 [273] 밀리초에 완료되었습니다.
18-Mar-2021 11:20:25.452 정보 [localhost-startStop-1] org.apache.catalina.startup.HostConfig.deployDirectory 웹 애플리케이션 디렉토리 [C:\jspNotice\apache-tomcat-8.5.64\webapps\examples]을(를) 배치합니다.
18-Mar-2021 11:20:25.885 정보 [localhost-startStop-1] org.apache.catalina.startup.HostConfig.deployDirectory 웹 애플리케이션 디렉토리 [C:\jspNotice\apache-tomcat-8.5.64\webapps\examples]에 대한 배치가 [433] 밀리초에 완료되었습니다.
18-Mar-2021 11:20:25.888 정보 [localhost-startStop-1] org.apache.catalina.startup.HostConfig.deployDirectory 웹 애플리케이션 디렉토리 [C:\jspNotice\apache-tomcat-8.5.64\webapps\host-manager]을(를) 배치합니다.
18-Mar-2021 11:20:25.922 정보 [localhost-startStop-1] org.apache.catalina.startup.HostConfig.deployDirectory 웹 애플리케이션 디렉토리 [C:\jspNotice\apache-tomcat-8.5.64\webapps\host-manager]에 대한 배치가 [33] 밀리초에 완료되었습니다.
18-Mar-2021 11:20:25.923 정보 [localhost-startStop-1] org.apache.catalina.startup.HostConfig.deployDirectory 웹 애플리케이션 디렉토리 [C:\jspNotice\apache-tomcat-8.5.64\webapps\manager]을(를) 배치합니다.
18-Mar-2021 11:20:25.955 정보 [localhost-startStop-1] org.apache.catalina.startup.HostConfig.deployDirectory 웹 애플리케이션 디렉토리 [C:\jspNotice\apache-tomcat-8.5.64\webapps\manager]에 대한 배치가 [32] 밀리초에 완료되었습니다.
18-Mar-2021 11:20:25.956 정보 [localhost-startStop-1] org.apache.catalina.startup.HostConfig.deployDirectory 웹 애플리케이션 디렉토리 [C:\jspNotice\apache-tomcat-8.5.64\webapps\ROOT]을(를) 배치합니다.
18-Mar-2021 11:20:25.982 정보 [localhost-startStop-1] org.apache.catalina.startup.HostConfig.deployDirectory 웹 애플리케이션 디렉토리 [C:\jspNotice\apache-tomcat-8.5.64\webapps\ROOT]에 대한 배치가 [26] 밀리초에 완료되었습니다.
18-Mar-2021 11:20:25.984 정보 [main] org.apache.coyote.AbstractProtocol.start 프로토콜 핸들러 ["http-nio-8080"]을(를) 시작합니다.
18-Mar-2021 11:20:25.994 정보 [main] org.apache.catalina.startup.Catalina.start Server startup in 865 ms
18-Mar-2021 11:20:26.000 심각 [main] org.apache.catalina.core.StandardServer.await StandardServer.await: create[localhost:8080]: 
	java.net.BindException: Address already in use: JVM_Bind
		at java.net.DualStackPlainSocketImpl.bind0(Native Method)
		at java.net.DualStackPlainSocketImpl.socketBind(DualStackPlainSocketImpl.java:106)
		at java.net.AbstractPlainSocketImpl.bind(AbstractPlainSocketImpl.java:387)
		at java.net.PlainSocketImpl.bind(PlainSocketImpl.java:190)
		at java.net.ServerSocket.bind(ServerSocket.java:390)
		at java.net.ServerSocket.<init>(ServerSocket.java:252)
		at org.apache.catalina.core.StandardServer.await(StandardServer.java:421)
		at org.apache.catalina.startup.Catalina.await(Catalina.java:776)
		at org.apache.catalina.startup.Catalina.start(Catalina.java:722)
		at sun.reflect.NativeMethodAccessorImpl.invoke0(Native Method)
		at sun.reflect.NativeMethodAccessorImpl.invoke(NativeMethodAccessorImpl.java:62)
		at sun.reflect.DelegatingMethodAccessorImpl.invoke(DelegatingMethodAccessorImpl.java:43)
		at java.lang.reflect.Method.invoke(Method.java:498)
		at org.apache.catalina.startup.Bootstrap.start(Bootstrap.java:342)
		at org.apache.catalina.startup.Bootstrap.main(Bootstrap.java:473)
18-Mar-2021 11:20:26.002 정보 [main] org.apache.coyote.AbstractProtocol.pause 프로토콜 핸들러 ["http-nio-8080"]을(를) 일시 정지 중
18-Mar-2021 11:20:26.080 정보 [main] org.apache.catalina.core.StandardService.stopInternal 서비스 [Catalina]을(를) 중지시킵니다.
18-Mar-2021 11:20:26.101 정보 [main] org.apache.coyote.AbstractProtocol.stop 프로토콜 핸들러 ["http-nio-8080"]을(를) 중지시킵니다.
18-Mar-2021 11:20:26.104 정보 [main] org.apache.coyote.AbstractProtocol.destroy 프로토콜 핸들러 ["http-nio-8080"]을(를) 소멸시킵니다.
18-Mar-2021 11:21:06.037 정보 [main] org.apache.catalina.startup.VersionLoggerListener.log 서버 버전 이름:    Apache Tomcat/8.5.64
18-Mar-2021 11:21:06.042 정보 [main] org.apache.catalina.startup.VersionLoggerListener.log Server 빌드 시각:  Mar 4 2021 23:14:16 UTC
18-Mar-2021 11:21:06.042 정보 [main] org.apache.catalina.startup.VersionLoggerListener.log Server 버전 번호:  8.5.64.0
18-Mar-2021 11:21:06.042 정보 [main] org.apache.catalina.startup.VersionLoggerListener.log 운영체제 이름:     Windows 10
18-Mar-2021 11:21:06.042 정보 [main] org.apache.catalina.startup.VersionLoggerListener.log 운영체제 버전:     10.0
18-Mar-2021 11:21:06.043 정보 [main] org.apache.catalina.startup.VersionLoggerListener.log 아키텍처:          amd64
18-Mar-2021 11:21:06.043 정보 [main] org.apache.catalina.startup.VersionLoggerListener.log 자바 홈:           C:\Program Files\ojdkbuild\java-1.8.0-openjdk-1.8.0.282-1\jre
18-Mar-2021 11:21:06.043 정보 [main] org.apache.catalina.startup.VersionLoggerListener.log JVM 버전:          1.8.0_282-b08
18-Mar-2021 11:21:06.043 정보 [main] org.apache.catalina.startup.VersionLoggerListener.log JVM 벤더:          ojdkbuild
18-Mar-2021 11:21:06.043 정보 [main] org.apache.catalina.startup.VersionLoggerListener.log CATALINA_BASE:     C:\jspNotice\apache-tomcat-8.5.64
18-Mar-2021 11:21:06.043 정보 [main] org.apache.catalina.startup.VersionLoggerListener.log CATALINA_HOME:     C:\jspNotice\apache-tomcat-8.5.64
18-Mar-2021 11:21:06.044 정보 [main] org.apache.catalina.startup.VersionLoggerListener.log 명령 행 아규먼트:  -Djava.util.logging.config.file=C:\jspNotice\apache-tomcat-8.5.64\conf\logging.properties
18-Mar-2021 11:21:06.045 정보 [main] org.apache.catalina.startup.VersionLoggerListener.log 명령 행 아규먼트:  -Djava.util.logging.manager=org.apache.juli.ClassLoaderLogManager
18-Mar-2021 11:21:06.046 정보 [main] org.apache.catalina.startup.VersionLoggerListener.log 명령 행 아규먼트:  -Djdk.tls.ephemeralDHKeySize=2048
18-Mar-2021 11:21:06.047 정보 [main] org.apache.catalina.startup.VersionLoggerListener.log 명령 행 아규먼트:  -Djava.protocol.handler.pkgs=org.apache.catalina.webresources
18-Mar-2021 11:21:06.047 정보 [main] org.apache.catalina.startup.VersionLoggerListener.log 명령 행 아규먼트:  -Dignore.endorsed.dirs=
18-Mar-2021 11:21:06.048 정보 [main] org.apache.catalina.startup.VersionLoggerListener.log 명령 행 아규먼트:  -Dcatalina.base=C:\jspNotice\apache-tomcat-8.5.64
18-Mar-2021 11:21:06.049 정보 [main] org.apache.catalina.startup.VersionLoggerListener.log 명령 행 아규먼트:  -Dcatalina.home=C:\jspNotice\apache-tomcat-8.5.64
18-Mar-2021 11:21:06.050 정보 [main] org.apache.catalina.startup.VersionLoggerListener.log 명령 행 아규먼트:  -Djava.io.tmpdir=C:\jspNotice\apache-tomcat-8.5.64\temp
18-Mar-2021 11:21:06.050 정보 [main] org.apache.catalina.core.AprLifecycleListener.lifecycleEvent APR 버전 [1.7.0]을(를) 사용한, APR 기반 Apache Tomcat Native 라이브러리 [1.2.26]을(를) 로드했습니다.
18-Mar-2021 11:21:06.051 정보 [main] org.apache.catalina.core.AprLifecycleListener.lifecycleEvent APR 용량정보들: IPv6 [true], sendfile [true], accept filters [false], random [true].
18-Mar-2021 11:21:06.054 정보 [main] org.apache.catalina.core.AprLifecycleListener.lifecycleEvent APR/OpenSSL 설정: useAprConnector [false], useOpenSSL [true]
18-Mar-2021 11:21:06.060 정보 [main] org.apache.catalina.core.AprLifecycleListener.initializeSSL OpenSSL이 성공적으로 초기화되었습니다: [OpenSSL 1.1.1i  8 Dec 2020]
18-Mar-2021 11:21:06.132 정보 [main] org.apache.coyote.AbstractProtocol.init 프로토콜 핸들러 ["http-nio-8080"]을(를) 초기화합니다.
18-Mar-2021 11:21:06.269 정보 [main] org.apache.tomcat.util.net.NioSelectorPool.getSharedSelector Using a shared selector for servlet write/read
18-Mar-2021 11:21:06.280 정보 [main] org.apache.catalina.startup.Catalina.load Initialization processed in 587 ms
18-Mar-2021 11:21:06.310 정보 [main] org.apache.catalina.core.StandardService.startInternal 서비스 [Catalina]을(를) 시작합니다.
18-Mar-2021 11:21:06.312 정보 [main] org.apache.catalina.core.StandardEngine.startInternal Starting Servlet Engine: Apache Tomcat/8.5.64
18-Mar-2021 11:21:06.324 정보 [localhost-startStop-1] org.apache.catalina.startup.HostConfig.deployDirectory 웹 애플리케이션 디렉토리 [C:\jspNotice\apache-tomcat-8.5.64\webapps\docs]을(를) 배치합니다.
18-Mar-2021 11:21:06.549 정보 [localhost-startStop-1] org.apache.catalina.startup.HostConfig.deployDirectory 웹 애플리케이션 디렉토리 [C:\jspNotice\apache-tomcat-8.5.64\webapps\docs]에 대한 배치가 [224] 밀리초에 완료되었습니다.
18-Mar-2021 11:21:06.550 정보 [localhost-startStop-1] org.apache.catalina.startup.HostConfig.deployDirectory 웹 애플리케이션 디렉토리 [C:\jspNotice\apache-tomcat-8.5.64\webapps\examples]을(를) 배치합니다.
18-Mar-2021 11:21:06.941 정보 [localhost-startStop-1] org.apache.catalina.startup.HostConfig.deployDirectory 웹 애플리케이션 디렉토리 [C:\jspNotice\apache-tomcat-8.5.64\webapps\examples]에 대한 배치가 [391] 밀리초에 완료되었습니다.
18-Mar-2021 11:21:09.889 정보 [localhost-startStop-1] org.apache.catalina.startup.HostConfig.deployDirectory 웹 애플리케이션 디렉토리 [C:\jspNotice\apache-tomcat-8.5.64\webapps\host-manager]을(를) 배치합니다.
18-Mar-2021 11:21:09.917 정보 [localhost-startStop-1] org.apache.catalina.startup.HostConfig.deployDirectory 웹 애플리케이션 디렉토리 [C:\jspNotice\apache-tomcat-8.5.64\webapps\host-manager]에 대한 배치가 [28] 밀리초에 완료되었습니다.
18-Mar-2021 11:21:09.919 정보 [localhost-startStop-1] org.apache.catalina.startup.HostConfig.deployDirectory 웹 애플리케이션 디렉토리 [C:\jspNotice\apache-tomcat-8.5.64\webapps\manager]을(를) 배치합니다.
18-Mar-2021 11:21:09.950 정보 [localhost-startStop-1] org.apache.catalina.startup.HostConfig.deployDirectory 웹 애플리케이션 디렉토리 [C:\jspNotice\apache-tomcat-8.5.64\webapps\manager]에 대한 배치가 [31] 밀리초에 완료되었습니다.
18-Mar-2021 11:21:09.952 정보 [localhost-startStop-1] org.apache.catalina.startup.HostConfig.deployDirectory 웹 애플리케이션 디렉토리 [C:\jspNotice\apache-tomcat-8.5.64\webapps\ROOT]을(를) 배치합니다.
18-Mar-2021 11:21:09.975 정보 [localhost-startStop-1] org.apache.catalina.startup.HostConfig.deployDirectory 웹 애플리케이션 디렉토리 [C:\jspNotice\apache-tomcat-8.5.64\webapps\ROOT]에 대한 배치가 [23] 밀리초에 완료되었습니다.
18-Mar-2021 11:21:09.982 정보 [main] org.apache.coyote.AbstractProtocol.start 프로토콜 핸들러 ["http-nio-8080"]을(를) 시작합니다.
18-Mar-2021 11:21:09.993 정보 [main] org.apache.catalina.startup.Catalina.start Server startup in 3712 ms
18-Mar-2021 11:21:09.999 심각 [main] org.apache.catalina.core.StandardServer.await StandardServer.await: create[localhost:8080]: 
	java.net.BindException: Address already in use: JVM_Bind
		at java.net.DualStackPlainSocketImpl.bind0(Native Method)
		at java.net.DualStackPlainSocketImpl.socketBind(DualStackPlainSocketImpl.java:106)
		at java.net.AbstractPlainSocketImpl.bind(AbstractPlainSocketImpl.java:387)
		at java.net.PlainSocketImpl.bind(PlainSocketImpl.java:190)
		at java.net.ServerSocket.bind(ServerSocket.java:390)
		at java.net.ServerSocket.<init>(ServerSocket.java:252)
		at org.apache.catalina.core.StandardServer.await(StandardServer.java:421)
		at org.apache.catalina.startup.Catalina.await(Catalina.java:776)
		at org.apache.catalina.startup.Catalina.start(Catalina.java:722)
		at sun.reflect.NativeMethodAccessorImpl.invoke0(Native Method)
		at sun.reflect.NativeMethodAccessorImpl.invoke(NativeMethodAccessorImpl.java:62)
		at sun.reflect.DelegatingMethodAccessorImpl.invoke(DelegatingMethodAccessorImpl.java:43)
		at java.lang.reflect.Method.invoke(Method.java:498)
		at org.apache.catalina.startup.Bootstrap.start(Bootstrap.java:342)
		at org.apache.catalina.startup.Bootstrap.main(Bootstrap.java:473)
18-Mar-2021 11:21:10.002 정보 [main] org.apache.coyote.AbstractProtocol.pause 프로토콜 핸들러 ["http-nio-8080"]을(를) 일시 정지 중
18-Mar-2021 11:21:10.069 정보 [main] org.apache.catalina.core.StandardService.stopInternal 서비스 [Catalina]을(를) 중지시킵니다.
18-Mar-2021 11:21:10.085 정보 [main] org.apache.coyote.AbstractProtocol.stop 프로토콜 핸들러 ["http-nio-8080"]을(를) 중지시킵니다.
18-Mar-2021 11:21:10.090 정보 [main] org.apache.coyote.AbstractProtocol.destroy 프로토콜 핸들러 ["http-nio-8080"]을(를) 소멸시킵니다.
